{"/Users/dan/equishow/expo_app/components/AuthGuard.tsx": {"path":"/Users/dan/equishow/expo_app/components/AuthGuard.tsx","statementMap":{"0":{"start":{"line":11,"column":0},"end":{"line":11,"column":16}},"1":{"start":{"line":1,"column":0},"end":{"line":1,"column":41}},"2":{"start":{"line":2,"column":0},"end":{"line":2,"column":40}},"3":{"start":{"line":3,"column":0},"end":{"line":3,"column":55}},"4":{"start":{"line":4,"column":0},"end":{"line":4,"column":43}},"5":{"start":{"line":5,"column":0},"end":{"line":5,"column":45}},"6":{"start":{"line":12,"column":17},"end":{"line":12,"column":28}},"7":{"start":{"line":13,"column":36},"end":{"line":13,"column":45}},"8":{"start":{"line":15,"column":2},"end":{"line":22,"column":38}},"9":{"start":{"line":16,"column":4},"end":{"line":21,"column":5}},"10":{"start":{"line":17,"column":6},"end":{"line":20,"column":7}},"11":{"start":{"line":19,"column":8},"end":{"line":19,"column":40}},"12":{"start":{"line":25,"column":2},"end":{"line":31,"column":3}},"13":{"start":{"line":26,"column":4},"end":{"line":30,"column":6}},"14":{"start":{"line":34,"column":2},"end":{"line":36,"column":3}},"15":{"start":{"line":35,"column":4},"end":{"line":35,"column":16}},"16":{"start":{"line":38,"column":2},"end":{"line":38,"column":25}},"17":{"start":{"line":41,"column":0},"end":{"line":41,"column":25}}},"fnMap":{"0":{"name":"AuthGuard","decl":{"start":{"line":11,"column":16},"end":{"line":11,"column":25}},"loc":{"start":{"line":11,"column":69},"end":{"line":39,"column":1}}},"1":{"name":"(anonymous_10)","decl":{"start":{"line":15,"column":12},"end":{"line":15,"column":15}},"loc":{"start":{"line":15,"column":17},"end":{"line":22,"column":3}}}},"branchMap":{"0":{"loc":{"start":{"line":16,"column":4},"end":{"line":21,"column":5}},"type":"if","locations":[{"start":{"line":16,"column":4},"end":{"line":21,"column":5}},{"start":{},"end":{}}]},"1":{"loc":{"start":{"line":17,"column":6},"end":{"line":20,"column":7}},"type":"if","locations":[{"start":{"line":17,"column":6},"end":{"line":20,"column":7}},{"start":{},"end":{}}]},"2":{"loc":{"start":{"line":25,"column":2},"end":{"line":31,"column":3}},"type":"if","locations":[{"start":{"line":25,"column":2},"end":{"line":31,"column":3}},{"start":{},"end":{}}]},"3":{"loc":{"start":{"line":34,"column":2},"end":{"line":36,"column":3}},"type":"if","locations":[{"start":{"line":34,"column":2},"end":{"line":36,"column":3}},{"start":{},"end":{}}]}},"s":{"0":0,"1":0,"2":0,"3":0,"4":0,"5":0,"6":0,"7":0,"8":0,"9":0,"10":0,"11":0,"12":0,"13":0,"14":0,"15":0,"16":0,"17":0},"f":{"0":0,"1":0},"b":{"0":[0,0],"1":[0,0],"2":[0,0],"3":[0,0]}}
,"/Users/dan/equishow/expo_app/components/AvisSection.tsx": {"path":"/Users/dan/equishow/expo_app/components/AvisSection.tsx","statementMap":{"0":{"start":{"line":22,"column":0},"end":{"line":22,"column":16}},"1":{"start":{"line":1,"column":0},"end":{"line":1,"column":40}},"2":{"start":{"line":2,"column":0},"end":{"line":2,"column":null}},"3":{"start":{"line":13,"column":0},"end":{"line":13,"column":45}},"4":{"start":{"line":14,"column":0},"end":{"line":14,"column":89}},"5":{"start":{"line":15,"column":0},"end":{"line":15,"column":49}},"6":{"start":{"line":16,"column":0},"end":{"line":16,"column":43}},"7":{"start":{"line":23,"column":22},"end":{"line":23,"column":31}},"8":{"start":{"line":24,"column":83},"end":{"line":24,"column":98}},"9":{"start":{"line":25,"column":34},"end":{"line":25,"column":49}},"10":{"start":{"line":26,"column":30},"end":{"line":26,"column":41}},"11":{"start":{"line":27,"column":32},"end":{"line":27,"column":44}},"12":{"start":{"line":28,"column":42},"end":{"line":28,"column":57}},"13":{"start":{"line":30,"column":23},"end":{"line":44,"column":3}},"14":{"start":{"line":31,"column":4},"end":{"line":31,"column":25}},"15":{"start":{"line":31,"column":18},"end":{"line":31,"column":25}},"16":{"start":{"line":33,"column":4},"end":{"line":33,"column":26}},"17":{"start":{"line":34,"column":4},"end":{"line":43,"column":5}},"18":{"start":{"line":35,"column":24},"end":{"line":35,"column":65}},"19":{"start":{"line":36,"column":6},"end":{"line":40,"column":7}},"20":{"start":{"line":37,"column":8},"end":{"line":37,"column":21}},"21":{"start":{"line":38,"column":8},"end":{"line":38,"column":23}},"22":{"start":{"line":39,"column":8},"end":{"line":39,"column":27}},"23":{"start":{"line":42,"column":6},"end":{"line":42,"column":29}},"24":{"start":{"line":46,"column":26},"end":{"line":46,"column":48}},"25":{"start":{"line":47,"column":21},"end":{"line":47,"column":66}},"26":{"start":{"line":47,"column":38},"end":{"line":47,"column":65}},"27":{"start":{"line":49,"column":2},"end":{"line":146,"column":4}},"28":{"start":{"line":63,"column":27},"end":{"line":63,"column":49}},"29":{"start":{"line":76,"column":36},"end":{"line":76,"column":43}},"30":{"start":{"line":79,"column":14},"end":{"line":82,"column":null}},"31":{"start":{"line":82,"column":32},"end":{"line":82,"column":51}},"32":{"start":{"line":85,"column":42},"end":{"line":85,"column":75}},"33":{"start":{"line":99,"column":16},"end":{"line":106,"column":null}},"34":{"start":{"line":101,"column":33},"end":{"line":101,"column":48}},"35":{"start":{"line":125,"column":31},"end":{"line":125,"column":49}},"36":{"start":{"line":156,"column":2},"end":{"line":181,"column":4}},"37":{"start":{"line":184,"column":15},"end":{"line":381,"column":2}}},"fnMap":{"0":{"name":"AvisSection","decl":{"start":{"line":22,"column":16},"end":{"line":22,"column":27}},"loc":{"start":{"line":22,"column":56},"end":{"line":147,"column":1}}},"1":{"name":"(anonymous_10)","decl":{"start":{"line":30,"column":23},"end":{"line":30,"column":28}},"loc":{"start":{"line":30,"column":34},"end":{"line":44,"column":3}}},"2":{"name":"(anonymous_11)","decl":{"start":{"line":47,"column":31},"end":{"line":47,"column":32}},"loc":{"start":{"line":47,"column":38},"end":{"line":47,"column":65}}},"3":{"name":"(anonymous_12)","decl":{"start":{"line":63,"column":21},"end":{"line":63,"column":24}},"loc":{"start":{"line":63,"column":27},"end":{"line":63,"column":49}}},"4":{"name":"(anonymous_13)","decl":{"start":{"line":76,"column":26},"end":{"line":76,"column":27}},"loc":{"start":{"line":76,"column":36},"end":{"line":76,"column":43}}},"5":{"name":"(anonymous_14)","decl":{"start":{"line":78,"column":24},"end":{"line":78,"column":25}},"loc":{"start":{"line":79,"column":14},"end":{"line":82,"column":null}}},"6":{"name":"(anonymous_15)","decl":{"start":{"line":82,"column":26},"end":{"line":82,"column":29}},"loc":{"start":{"line":82,"column":32},"end":{"line":82,"column":51}}},"7":{"name":"(anonymous_16)","decl":{"start":{"line":85,"column":36},"end":{"line":85,"column":39}},"loc":{"start":{"line":85,"column":42},"end":{"line":85,"column":75}}},"8":{"name":"(anonymous_17)","decl":{"start":{"line":98,"column":35},"end":{"line":98,"column":36}},"loc":{"start":{"line":99,"column":16},"end":{"line":106,"column":null}}},"9":{"name":"(anonymous_18)","decl":{"start":{"line":101,"column":27},"end":{"line":101,"column":30}},"loc":{"start":{"line":101,"column":33},"end":{"line":101,"column":48}}},"10":{"name":"(anonymous_19)","decl":{"start":{"line":125,"column":25},"end":{"line":125,"column":28}},"loc":{"start":{"line":125,"column":31},"end":{"line":125,"column":49}}},"11":{"name":"AvisCard","decl":{"start":{"line":155,"column":9},"end":{"line":155,"column":17}},"loc":{"start":{"line":155,"column":62},"end":{"line":182,"column":1}}}},"branchMap":{"0":{"loc":{"start":{"line":31,"column":4},"end":{"line":31,"column":25}},"type":"if","locations":[{"start":{"line":31,"column":4},"end":{"line":31,"column":25}},{"start":{},"end":{}}]},"1":{"loc":{"start":{"line":36,"column":6},"end":{"line":40,"column":7}},"type":"if","locations":[{"start":{"line":36,"column":6},"end":{"line":40,"column":7}},{"start":{},"end":{}}]},"2":{"loc":{"start":{"line":60,"column":9},"end":{"line":66,"column":null}},"type":"binary-expr","locations":[{"start":{"line":60,"column":9},"end":{"line":60,"column":24}},{"start":{"line":60,"column":28},"end":{"line":60,"column":39}},{"start":{"line":61,"column":10},"end":{"line":65,"column":null}}]},"3":{"loc":{"start":{"line":69,"column":9},"end":{"line":86,"column":null}},"type":"cond-expr","locations":[{"start":{"line":70,"column":10},"end":{"line":70,"column":89}},{"start":{"line":71,"column":12},"end":{"line":86,"column":null}}]},"4":{"loc":{"start":{"line":71,"column":12},"end":{"line":86,"column":null}},"type":"cond-expr","locations":[{"start":{"line":72,"column":10},"end":{"line":72,"column":73}},{"start":{"line":74,"column":10},"end":{"line":85,"column":null}}]},"5":{"loc":{"start":{"line":105,"column":21},"end":{"line":105,"column":47}},"type":"cond-expr","locations":[{"start":{"line":105,"column":38},"end":{"line":105,"column":41}},{"start":{"line":105,"column":44},"end":{"line":105,"column":47}}]},"6":{"loc":{"start":{"line":131,"column":42},"end":{"line":131,"column":82}},"type":"binary-expr","locations":[{"start":{"line":131,"column":42},"end":{"line":131,"column":54}},{"start":{"line":131,"column":58},"end":{"line":131,"column":82}}]},"7":{"loc":{"start":{"line":135,"column":17},"end":{"line":138,"column":null}},"type":"cond-expr","locations":[{"start":{"line":136,"column":18},"end":{"line":136,"column":79}},{"start":{"line":138,"column":18},"end":{"line":138,"column":64}}]},"8":{"loc":{"start":{"line":171,"column":7},"end":{"line":172,"column":null}},"type":"binary-expr","locations":[{"start":{"line":171,"column":7},"end":{"line":171,"column":23}},{"start":{"line":172,"column":8},"end":{"line":172,"column":66}}]},"9":{"loc":{"start":{"line":175,"column":7},"end":{"line":178,"column":null}},"type":"binary-expr","locations":[{"start":{"line":175,"column":7},"end":{"line":175,"column":16}},{"start":{"line":176,"column":8},"end":{"line":177,"column":null}}]}},"s":{"0":0,"1":0,"2":0,"3":0,"4":0,"5":0,"6":0,"7":0,"8":0,"9":0,"10":0,"11":0,"12":0,"13":0,"14":0,"15":0,"16":0,"17":0,"18":0,"19":0,"20":0,"21":0,"22":0,"23":0,"24":0,"25":0,"26":0,"27":0,"28":0,"29":0,"30":0,"31":0,"32":0,"33":0,"34":0,"35":0,"36":0,"37":0},"f":{"0":0,"1":0,"2":0,"3":0,"4":0,"5":0,"6":0,"7":0,"8":0,"9":0,"10":0,"11":0},"b":{"0":[0,0],"1":[0,0],"2":[0,0,0],"3":[0,0],"4":[0,0],"5":[0,0],"6":[0,0],"7":[0,0],"8":[0,0],"9":[0,0]}}
,"/Users/dan/equishow/expo_app/components/CustomBottomBar.tsx": {"path":"/Users/dan/equishow/expo_app/components/CustomBottomBar.tsx","statementMap":{"0":{"start":{"line":41,"column":0},"end":{"line":41,"column":16}},"1":{"start":{"line":1,"column":0},"end":{"line":1,"column":26}},"2":{"start":{"line":2,"column":0},"end":{"line":2,"column":82}},"3":{"start":{"line":3,"column":0},"end":{"line":3,"column":53}},"4":{"start":{"line":4,"column":0},"end":{"line":4,"column":45}},"5":{"start":{"line":5,"column":0},"end":{"line":5,"column":51}},"6":{"start":{"line":6,"column":0},"end":{"line":6,"column":61}},"7":{"start":{"line":15,"column":81},"end":{"line":39,"column":2}},"8":{"start":{"line":42,"column":15},"end":{"line":42,"column":69}},"9":{"start":{"line":43,"column":17},"end":{"line":43,"column":28}},"10":{"start":{"line":44,"column":19},"end":{"line":44,"column":32}},"11":{"start":{"line":45,"column":26},"end":{"line":45,"column":44}},"12":{"start":{"line":47,"column":15},"end":{"line":47,"column":58}},"13":{"start":{"line":49,"column":19},"end":{"line":51,"column":3}},"14":{"start":{"line":50,"column":4},"end":{"line":50,"column":87}},"15":{"start":{"line":54,"column":20},"end":{"line":56,"column":3}},"16":{"start":{"line":55,"column":4},"end":{"line":55,"column":85}},"17":{"start":{"line":59,"column":28},"end":{"line":64,"column":3}},"18":{"start":{"line":60,"column":22},"end":{"line":60,"column":38}},"19":{"start":{"line":61,"column":4},"end":{"line":61,"column":68}},"20":{"start":{"line":61,"column":26},"end":{"line":61,"column":68}},"21":{"start":{"line":62,"column":4},"end":{"line":62,"column":73}},"22":{"start":{"line":62,"column":33},"end":{"line":62,"column":73}},"23":{"start":{"line":63,"column":4},"end":{"line":63,"column":49}},"24":{"start":{"line":66,"column":28},"end":{"line":70,"column":3}},"25":{"start":{"line":67,"column":4},"end":{"line":67,"column":75}},"26":{"start":{"line":67,"column":26},"end":{"line":67,"column":75}},"27":{"start":{"line":68,"column":4},"end":{"line":68,"column":80}},"28":{"start":{"line":68,"column":33},"end":{"line":68,"column":80}},"29":{"start":{"line":69,"column":4},"end":{"line":69,"column":56}},"30":{"start":{"line":72,"column":2},"end":{"line":98,"column":4}},"31":{"start":{"line":75,"column":8},"end":{"line":94,"column":null}},"32":{"start":{"line":78,"column":27},"end":{"line":78,"column":49}},"33":{"start":{"line":101,"column":15},"end":{"line":182,"column":2}}},"fnMap":{"0":{"name":"CustomBottomBar","decl":{"start":{"line":41,"column":16},"end":{"line":41,"column":31}},"loc":{"start":{"line":41,"column":31},"end":{"line":99,"column":1}}},"1":{"name":"(anonymous_2)","decl":{"start":{"line":49,"column":19},"end":{"line":49,"column":20}},"loc":{"start":{"line":49,"column":40},"end":{"line":51,"column":3}}},"2":{"name":"(anonymous_3)","decl":{"start":{"line":54,"column":20},"end":{"line":54,"column":21}},"loc":{"start":{"line":54,"column":39},"end":{"line":56,"column":3}}},"3":{"name":"(anonymous_4)","decl":{"start":{"line":59,"column":28},"end":{"line":59,"column":31}},"loc":{"start":{"line":59,"column":33},"end":{"line":64,"column":3}}},"4":{"name":"(anonymous_5)","decl":{"start":{"line":66,"column":28},"end":{"line":66,"column":31}},"loc":{"start":{"line":66,"column":33},"end":{"line":70,"column":3}}},"5":{"name":"(anonymous_6)","decl":{"start":{"line":74,"column":16},"end":{"line":74,"column":17}},"loc":{"start":{"line":75,"column":8},"end":{"line":94,"column":null}}},"6":{"name":"(anonymous_7)","decl":{"start":{"line":78,"column":21},"end":{"line":78,"column":24}},"loc":{"start":{"line":78,"column":27},"end":{"line":78,"column":49}}}},"branchMap":{"0":{"loc":{"start":{"line":47,"column":15},"end":{"line":47,"column":58}},"type":"binary-expr","locations":[{"start":{"line":47,"column":15},"end":{"line":47,"column":33}},{"start":{"line":47,"column":37},"end":{"line":47,"column":58}}]},"1":{"loc":{"start":{"line":50,"column":11},"end":{"line":50,"column":86}},"type":"binary-expr","locations":[{"start":{"line":50,"column":11},"end":{"line":50,"column":32}},{"start":{"line":50,"column":36},"end":{"line":50,"column":86}}]},"2":{"loc":{"start":{"line":55,"column":11},"end":{"line":55,"column":84}},"type":"binary-expr","locations":[{"start":{"line":55,"column":11},"end":{"line":55,"column":27}},{"start":{"line":55,"column":31},"end":{"line":55,"column":65}},{"start":{"line":55,"column":69},"end":{"line":55,"column":84}}]},"3":{"loc":{"start":{"line":61,"column":4},"end":{"line":61,"column":68}},"type":"if","locations":[{"start":{"line":61,"column":4},"end":{"line":61,"column":68}},{"start":{},"end":{}}]},"4":{"loc":{"start":{"line":62,"column":4},"end":{"line":62,"column":73}},"type":"if","locations":[{"start":{"line":62,"column":4},"end":{"line":62,"column":73}},{"start":{},"end":{}}]},"5":{"loc":{"start":{"line":67,"column":4},"end":{"line":67,"column":75}},"type":"if","locations":[{"start":{"line":67,"column":4},"end":{"line":67,"column":75}},{"start":{},"end":{}}]},"6":{"loc":{"start":{"line":68,"column":4},"end":{"line":68,"column":80}},"type":"if","locations":[{"start":{"line":68,"column":4},"end":{"line":68,"column":80}},{"start":{},"end":{}}]},"7":{"loc":{"start":{"line":77,"column":41},"end":{"line":77,"column":86}},"type":"binary-expr","locations":[{"start":{"line":77,"column":41},"end":{"line":77,"column":60}},{"start":{"line":77,"column":64},"end":{"line":77,"column":86}}]},"8":{"loc":{"start":{"line":82,"column":40},"end":{"line":82,"column":81}},"type":"binary-expr","locations":[{"start":{"line":82,"column":40},"end":{"line":82,"column":59}},{"start":{"line":82,"column":63},"end":{"line":82,"column":81}}]},"9":{"loc":{"start":{"line":88,"column":11},"end":{"line":93,"column":null}},"type":"binary-expr","locations":[{"start":{"line":88,"column":11},"end":{"line":88,"column":25}},{"start":{"line":89,"column":12},"end":{"line":92,"column":null}}]},"10":{"loc":{"start":{"line":91,"column":17},"end":{"line":91,"column":53}},"type":"cond-expr","locations":[{"start":{"line":91,"column":35},"end":{"line":91,"column":39}},{"start":{"line":91,"column":42},"end":{"line":91,"column":53}}]},"11":{"loc":{"start":{"line":107,"column":12},"end":{"line":107,"column":43}},"type":"cond-expr","locations":[{"start":{"line":107,"column":36},"end":{"line":107,"column":38}},{"start":{"line":107,"column":41},"end":{"line":107,"column":43}}]},"12":{"loc":{"start":{"line":109,"column":19},"end":{"line":109,"column":50}},"type":"cond-expr","locations":[{"start":{"line":109,"column":43},"end":{"line":109,"column":45}},{"start":{"line":109,"column":48},"end":{"line":109,"column":50}}]}},"s":{"0":0,"1":0,"2":0,"3":0,"4":0,"5":0,"6":0,"7":0,"8":0,"9":0,"10":0,"11":0,"12":0,"13":0,"14":0,"15":0,"16":0,"17":0,"18":0,"19":0,"20":0,"21":0,"22":0,"23":0,"24":0,"25":0,"26":0,"27":0,"28":0,"29":0,"30":0,"31":0,"32":0,"33":0},"f":{"0":0,"1":0,"2":0,"3":0,"4":0,"5":0,"6":0},"b":{"0":[0,0],"1":[0,0],"2":[0,0,0],"3":[0,0],"4":[0,0],"5":[0,0],"6":[0,0],"7":[0,0],"8":[0,0],"9":[0,0],"10":[0,0],"11":[0,0],"12":[0,0]}}
,"/Users/dan/equishow/expo_app/components/CustomTopBar.tsx": {"path":"/Users/dan/equishow/expo_app/components/CustomTopBar.tsx","statementMap":{"0":{"start":{"line":18,"column":0},"end":{"line":18,"column":16}},"1":{"start":{"line":1,"column":0},"end":{"line":1,"column":40}},"2":{"start":{"line":2,"column":0},"end":{"line":2,"column":null}},"3":{"start":{"line":12,"column":0},"end":{"line":12,"column":40}},"4":{"start":{"line":13,"column":0},"end":{"line":13,"column":43}},"5":{"start":{"line":14,"column":0},"end":{"line":14,"column":61}},"6":{"start":{"line":15,"column":0},"end":{"line":15,"column":45}},"7":{"start":{"line":16,"column":0},"end":{"line":16,"column":75}},"8":{"start":{"line":19,"column":17},"end":{"line":19,"column":28}},"9":{"start":{"line":20,"column":22},"end":{"line":20,"column":31}},"10":{"start":{"line":21,"column":41},"end":{"line":21,"column":59}},"11":{"start":{"line":22,"column":62},"end":{"line":22,"column":77}},"12":{"start":{"line":25,"column":22},"end":{"line":37,"column":3}},"13":{"start":{"line":26,"column":4},"end":{"line":26,"column":29}},"14":{"start":{"line":26,"column":18},"end":{"line":26,"column":29}},"15":{"start":{"line":28,"column":19},"end":{"line":28,"column":39}},"16":{"start":{"line":29,"column":16},"end":{"line":29,"column":33}},"17":{"start":{"line":31,"column":23},"end":{"line":31,"column":60}},"18":{"start":{"line":32,"column":20},"end":{"line":32,"column":54}},"19":{"start":{"line":34,"column":4},"end":{"line":34,"column":44}},"20":{"start":{"line":34,"column":33},"end":{"line":34,"column":44}},"21":{"start":{"line":36,"column":4},"end":{"line":36,"column":37}},"22":{"start":{"line":39,"column":19},"end":{"line":39,"column":32}},"23":{"start":{"line":41,"column":34},"end":{"line":43,"column":3}},"24":{"start":{"line":42,"column":4},"end":{"line":42,"column":36}},"25":{"start":{"line":45,"column":29},"end":{"line":53,"column":3}},"26":{"start":{"line":46,"column":4},"end":{"line":52,"column":5}},"27":{"start":{"line":47,"column":6},"end":{"line":47,"column":42}},"28":{"start":{"line":48,"column":11},"end":{"line":52,"column":5}},"29":{"start":{"line":49,"column":6},"end":{"line":49,"column":40}},"30":{"start":{"line":51,"column":6},"end":{"line":51,"column":36}},"31":{"start":{"line":55,"column":2},"end":{"line":143,"column":4}},"32":{"start":{"line":95,"column":30},"end":{"line":95,"column":62}},"33":{"start":{"line":100,"column":25},"end":{"line":100,"column":57}},"34":{"start":{"line":107,"column":33},"end":{"line":107,"column":65}},"35":{"start":{"line":116,"column":42},"end":{"line":116,"column":49}},"36":{"start":{"line":118,"column":20},"end":{"line":126,"column":null}},"37":{"start":{"line":146,"column":10},"end":{"line":293,"column":2}}},"fnMap":{"0":{"name":"CustomTopBar","decl":{"start":{"line":18,"column":16},"end":{"line":18,"column":28}},"loc":{"start":{"line":18,"column":28},"end":{"line":144,"column":1}}},"1":{"name":"(anonymous_10)","decl":{"start":{"line":25,"column":22},"end":{"line":25,"column":25}},"loc":{"start":{"line":25,"column":27},"end":{"line":37,"column":3}}},"2":{"name":"(anonymous_11)","decl":{"start":{"line":41,"column":34},"end":{"line":41,"column":37}},"loc":{"start":{"line":41,"column":39},"end":{"line":43,"column":3}}},"3":{"name":"(anonymous_12)","decl":{"start":{"line":45,"column":29},"end":{"line":45,"column":32}},"loc":{"start":{"line":45,"column":34},"end":{"line":53,"column":3}}},"4":{"name":"(anonymous_13)","decl":{"start":{"line":95,"column":24},"end":{"line":95,"column":27}},"loc":{"start":{"line":95,"column":30},"end":{"line":95,"column":62}}},"5":{"name":"(anonymous_14)","decl":{"start":{"line":100,"column":19},"end":{"line":100,"column":22}},"loc":{"start":{"line":100,"column":25},"end":{"line":100,"column":57}}},"6":{"name":"(anonymous_15)","decl":{"start":{"line":107,"column":27},"end":{"line":107,"column":30}},"loc":{"start":{"line":107,"column":33},"end":{"line":107,"column":65}}},"7":{"name":"(anonymous_16)","decl":{"start":{"line":116,"column":32},"end":{"line":116,"column":33}},"loc":{"start":{"line":116,"column":42},"end":{"line":116,"column":49}}},"8":{"name":"(anonymous_17)","decl":{"start":{"line":117,"column":30},"end":{"line":117,"column":31}},"loc":{"start":{"line":118,"column":20},"end":{"line":126,"column":null}}}},"branchMap":{"0":{"loc":{"start":{"line":26,"column":4},"end":{"line":26,"column":29}},"type":"if","locations":[{"start":{"line":26,"column":4},"end":{"line":26,"column":29}},{"start":{},"end":{}}]},"1":{"loc":{"start":{"line":28,"column":19},"end":{"line":28,"column":39}},"type":"binary-expr","locations":[{"start":{"line":28,"column":19},"end":{"line":28,"column":33}},{"start":{"line":28,"column":37},"end":{"line":28,"column":39}}]},"2":{"loc":{"start":{"line":29,"column":16},"end":{"line":29,"column":33}},"type":"binary-expr","locations":[{"start":{"line":29,"column":16},"end":{"line":29,"column":27}},{"start":{"line":29,"column":31},"end":{"line":29,"column":33}}]},"3":{"loc":{"start":{"line":34,"column":4},"end":{"line":34,"column":44}},"type":"if","locations":[{"start":{"line":34,"column":4},"end":{"line":34,"column":44}},{"start":{},"end":{}}]},"4":{"loc":{"start":{"line":34,"column":8},"end":{"line":34,"column":31}},"type":"binary-expr","locations":[{"start":{"line":34,"column":8},"end":{"line":34,"column":19}},{"start":{"line":34,"column":23},"end":{"line":34,"column":31}}]},"5":{"loc":{"start":{"line":46,"column":4},"end":{"line":52,"column":5}},"type":"if","locations":[{"start":{"line":46,"column":4},"end":{"line":52,"column":5}},{"start":{"line":48,"column":11},"end":{"line":52,"column":5}}]},"6":{"loc":{"start":{"line":48,"column":11},"end":{"line":52,"column":5}},"type":"if","locations":[{"start":{"line":48,"column":11},"end":{"line":52,"column":5}},{"start":{"line":50,"column":11},"end":{"line":52,"column":5}}]},"7":{"loc":{"start":{"line":69,"column":13},"end":{"line":74,"column":null}},"type":"binary-expr","locations":[{"start":{"line":69,"column":13},"end":{"line":69,"column":28}},{"start":{"line":70,"column":14},"end":{"line":73,"column":null}}]},"8":{"loc":{"start":{"line":72,"column":19},"end":{"line":72,"column":55}},"type":"cond-expr","locations":[{"start":{"line":72,"column":37},"end":{"line":72,"column":41}},{"start":{"line":72,"column":44},"end":{"line":72,"column":55}}]},"9":{"loc":{"start":{"line":113,"column":15},"end":{"line":136,"column":null}},"type":"cond-expr","locations":[{"start":{"line":114,"column":16},"end":{"line":131,"column":null}},{"start":{"line":134,"column":16},"end":{"line":135,"column":null}}]},"10":{"loc":{"start":{"line":113,"column":15},"end":{"line":113,"column":56}},"type":"binary-expr","locations":[{"start":{"line":113,"column":15},"end":{"line":113,"column":28}},{"start":{"line":113,"column":32},"end":{"line":113,"column":56}}]},"11":{"loc":{"start":{"line":126,"column":23},"end":{"line":126,"column":65}},"type":"binary-expr","locations":[{"start":{"line":126,"column":23},"end":{"line":126,"column":33}},{"start":{"line":126,"column":37},"end":{"line":126,"column":65}}]}},"s":{"0":0,"1":0,"2":0,"3":0,"4":0,"5":0,"6":0,"7":0,"8":0,"9":0,"10":0,"11":0,"12":0,"13":0,"14":0,"15":0,"16":0,"17":0,"18":0,"19":0,"20":0,"21":0,"22":0,"23":0,"24":0,"25":0,"26":0,"27":0,"28":0,"29":0,"30":0,"31":0,"32":0,"33":0,"34":0,"35":0,"36":0,"37":0},"f":{"0":0,"1":0,"2":0,"3":0,"4":0,"5":0,"6":0,"7":0,"8":0},"b":{"0":[0,0],"1":[0,0],"2":[0,0],"3":[0,0],"4":[0,0],"5":[0,0],"6":[0,0],"7":[0,0],"8":[0,0],"9":[0,0],"10":[0,0],"11":[0,0]}}
,"/Users/dan/equishow/expo_app/components/DatePickerModal.tsx": {"path":"/Users/dan/equishow/expo_app/components/DatePickerModal.tsx","statementMap":{"0":{"start":{"line":15,"column":0},"end":{"line":15,"column":16}},"1":{"start":{"line":109,"column":0},"end":{"line":109,"column":16}},"2":{"start":{"line":114,"column":0},"end":{"line":114,"column":16}},"3":{"start":{"line":1,"column":0},"end":{"line":1,"column":40}},"4":{"start":{"line":2,"column":0},"end":{"line":2,"column":91}},"5":{"start":{"line":3,"column":0},"end":{"line":3,"column":45}},"6":{"start":{"line":4,"column":0},"end":{"line":4,"column":83}},"7":{"start":{"line":6,"column":13},"end":{"line":9,"column":2}},"8":{"start":{"line":12,"column":2},"end":{"line":12,"column":44}},"9":{"start":{"line":22,"column":15},"end":{"line":22,"column":34}},"10":{"start":{"line":23,"column":24},"end":{"line":23,"column":48}},"11":{"start":{"line":24,"column":28},"end":{"line":24,"column":57}},"12":{"start":{"line":25,"column":26},"end":{"line":25,"column":54}},"13":{"start":{"line":27,"column":17},"end":{"line":27,"column":41}},"14":{"start":{"line":28,"column":15},"end":{"line":28,"column":62}},"15":{"start":{"line":28,"column":56},"end":{"line":28,"column":61}},"16":{"start":{"line":29,"column":16},"end":{"line":29,"column":82}},"17":{"start":{"line":29,"column":53},"end":{"line":29,"column":81}},"18":{"start":{"line":32,"column":14},"end":{"line":32,"column":41}},"19":{"start":{"line":33,"column":4},"end":{"line":33,"column":44}},"20":{"start":{"line":34,"column":4},"end":{"line":34,"column":14}},"21":{"start":{"line":37,"column":2},"end":{"line":106,"column":4}},"22":{"start":{"line":49,"column":18},"end":{"line":56,"column":null}},"23":{"start":{"line":52,"column":35},"end":{"line":52,"column":44}},"24":{"start":{"line":67,"column":18},"end":{"line":72,"column":null}},"25":{"start":{"line":70,"column":35},"end":{"line":70,"column":50}},"26":{"start":{"line":83,"column":18},"end":{"line":88,"column":null}},"27":{"start":{"line":86,"column":35},"end":{"line":86,"column":45}},"28":{"start":{"line":110,"column":2},"end":{"line":110,"column":20}},"29":{"start":{"line":110,"column":10},"end":{"line":110,"column":20}},"30":{"start":{"line":111,"column":2},"end":{"line":111,"column":94}},"31":{"start":{"line":119,"column":17},"end":{"line":119,"column":24}},"32":{"start":{"line":120,"column":2},"end":{"line":132,"column":4}},"33":{"start":{"line":135,"column":10},"end":{"line":152,"column":2}},"34":{"start":{"line":154,"column":11},"end":{"line":161,"column":2}}},"fnMap":{"0":{"name":"daysInMonth","decl":{"start":{"line":11,"column":9},"end":{"line":11,"column":20}},"loc":{"start":{"line":11,"column":48},"end":{"line":13,"column":1}}},"1":{"name":"DatePickerModal","decl":{"start":{"line":15,"column":16},"end":{"line":15,"column":31}},"loc":{"start":{"line":21,"column":1},"end":{"line":107,"column":1}}},"2":{"name":"(anonymous_11)","decl":{"start":{"line":28,"column":46},"end":{"line":28,"column":47}},"loc":{"start":{"line":28,"column":56},"end":{"line":28,"column":61}}},"3":{"name":"(anonymous_12)","decl":{"start":{"line":29,"column":43},"end":{"line":29,"column":44}},"loc":{"start":{"line":29,"column":53},"end":{"line":29,"column":81}}},"4":{"name":"confirm","decl":{"start":{"line":31,"column":11},"end":{"line":31,"column":18}},"loc":{"start":{"line":31,"column":18},"end":{"line":35,"column":3}}},"5":{"name":"(anonymous_14)","decl":{"start":{"line":48,"column":26},"end":{"line":48,"column":27}},"loc":{"start":{"line":49,"column":18},"end":{"line":56,"column":null}}},"6":{"name":"(anonymous_15)","decl":{"start":{"line":52,"column":29},"end":{"line":52,"column":32}},"loc":{"start":{"line":52,"column":35},"end":{"line":52,"column":44}}},"7":{"name":"(anonymous_16)","decl":{"start":{"line":66,"column":26},"end":{"line":66,"column":27}},"loc":{"start":{"line":67,"column":18},"end":{"line":72,"column":null}}},"8":{"name":"(anonymous_17)","decl":{"start":{"line":70,"column":29},"end":{"line":70,"column":32}},"loc":{"start":{"line":70,"column":35},"end":{"line":70,"column":50}}},"9":{"name":"(anonymous_18)","decl":{"start":{"line":82,"column":27},"end":{"line":82,"column":28}},"loc":{"start":{"line":83,"column":18},"end":{"line":88,"column":null}}},"10":{"name":"(anonymous_19)","decl":{"start":{"line":86,"column":29},"end":{"line":86,"column":32}},"loc":{"start":{"line":86,"column":35},"end":{"line":86,"column":45}}},"11":{"name":"formatDate","decl":{"start":{"line":109,"column":16},"end":{"line":109,"column":26}},"loc":{"start":{"line":109,"column":35},"end":{"line":112,"column":1}}},"12":{"name":"DateButton","decl":{"start":{"line":114,"column":16},"end":{"line":114,"column":26}},"loc":{"start":{"line":118,"column":1},"end":{"line":133,"column":1}}}},"branchMap":{"0":{"loc":{"start":{"line":15,"column":70},"end":{"line":15,"column":101}},"type":"default-arg","locations":[{"start":{"line":15,"column":78},"end":{"line":15,"column":101}}]},"1":{"loc":{"start":{"line":22,"column":15},"end":{"line":22,"column":34}},"type":"binary-expr","locations":[{"start":{"line":22,"column":15},"end":{"line":22,"column":20}},{"start":{"line":22,"column":24},"end":{"line":22,"column":34}}]},"2":{"loc":{"start":{"line":32,"column":14},"end":{"line":32,"column":41}},"type":"cond-expr","locations":[{"start":{"line":32,"column":29},"end":{"line":32,"column":35}},{"start":{"line":32,"column":38},"end":{"line":32,"column":41}}]},"3":{"loc":{"start":{"line":51,"column":36},"end":{"line":51,"column":61}},"type":"binary-expr","locations":[{"start":{"line":51,"column":36},"end":{"line":51,"column":45}},{"start":{"line":51,"column":49},"end":{"line":51,"column":61}}]},"4":{"loc":{"start":{"line":54,"column":46},"end":{"line":54,"column":75}},"type":"binary-expr","locations":[{"start":{"line":54,"column":46},"end":{"line":54,"column":55}},{"start":{"line":54,"column":59},"end":{"line":54,"column":75}}]},"5":{"loc":{"start":{"line":69,"column":36},"end":{"line":69,"column":67}},"type":"binary-expr","locations":[{"start":{"line":69,"column":36},"end":{"line":69,"column":51}},{"start":{"line":69,"column":55},"end":{"line":69,"column":67}}]},"6":{"loc":{"start":{"line":72,"column":46},"end":{"line":72,"column":81}},"type":"binary-expr","locations":[{"start":{"line":72,"column":46},"end":{"line":72,"column":61}},{"start":{"line":72,"column":65},"end":{"line":72,"column":81}}]},"7":{"loc":{"start":{"line":85,"column":36},"end":{"line":85,"column":62}},"type":"binary-expr","locations":[{"start":{"line":85,"column":36},"end":{"line":85,"column":46}},{"start":{"line":85,"column":50},"end":{"line":85,"column":62}}]},"8":{"loc":{"start":{"line":88,"column":46},"end":{"line":88,"column":76}},"type":"binary-expr","locations":[{"start":{"line":88,"column":46},"end":{"line":88,"column":56}},{"start":{"line":88,"column":60},"end":{"line":88,"column":76}}]},"9":{"loc":{"start":{"line":110,"column":2},"end":{"line":110,"column":20}},"type":"if","locations":[{"start":{"line":110,"column":2},"end":{"line":110,"column":20}},{"start":{},"end":{}}]},"10":{"loc":{"start":{"line":122,"column":26},"end":{"line":122,"column":52}},"type":"binary-expr","locations":[{"start":{"line":122,"column":26},"end":{"line":122,"column":32}},{"start":{"line":122,"column":36},"end":{"line":122,"column":52}}]},"11":{"loc":{"start":{"line":127,"column":29},"end":{"line":127,"column":54}},"type":"binary-expr","locations":[{"start":{"line":127,"column":29},"end":{"line":127,"column":36}},{"start":{"line":127,"column":40},"end":{"line":127,"column":54}}]},"12":{"loc":{"start":{"line":128,"column":9},"end":{"line":128,"column":43}},"type":"cond-expr","locations":[{"start":{"line":128,"column":18},"end":{"line":128,"column":35}},{"start":{"line":128,"column":38},"end":{"line":128,"column":43}}]},"13":{"loc":{"start":{"line":130,"column":7},"end":{"line":130,"column":49}},"type":"binary-expr","locations":[{"start":{"line":130,"column":7},"end":{"line":130,"column":13}},{"start":{"line":130,"column":17},"end":{"line":130,"column":49}}]}},"s":{"0":0,"1":0,"2":0,"3":0,"4":0,"5":0,"6":0,"7":0,"8":0,"9":0,"10":0,"11":0,"12":0,"13":0,"14":0,"15":0,"16":0,"17":0,"18":0,"19":0,"20":0,"21":0,"22":0,"23":0,"24":0,"25":0,"26":0,"27":0,"28":0,"29":0,"30":0,"31":0,"32":0,"33":0,"34":0},"f":{"0":0,"1":0,"2":0,"3":0,"4":0,"5":0,"6":0,"7":0,"8":0,"9":0,"10":0,"11":0,"12":0},"b":{"0":[0],"1":[0,0],"2":[0,0],"3":[0,0],"4":[0,0],"5":[0,0],"6":[0,0],"7":[0,0],"8":[0,0],"9":[0,0],"10":[0,0],"11":[0,0],"12":[0,0],"13":[0,0]}}
,"/Users/dan/equishow/expo_app/components/ErrorBoundary.tsx": {"path":"/Users/dan/equishow/expo_app/components/ErrorBoundary.tsx","statementMap":{"0":{"start":{"line":1,"column":0},"end":{"line":1,"column":26}},"1":{"start":{"line":2,"column":0},"end":{"line":2,"column":null}},"2":{"start":{"line":10,"column":0},"end":{"line":10,"column":37}},"3":{"start":{"line":11,"column":0},"end":{"line":11,"column":45}},"4":{"start":{"line":12,"column":0},"end":{"line":12,"column":75}},"5":{"start":{"line":13,"column":0},"end":{"line":13,"column":47}},"6":{"start":{"line":33,"column":4},"end":{"line":33,"column":17}},"7":{"start":{"line":34,"column":4},"end":{"line":39,"column":6}},"8":{"start":{"line":43,"column":4},"end":{"line":46,"column":6}},"9":{"start":{"line":51,"column":20},"end":{"line":51,"column":59}},"10":{"start":{"line":53,"column":4},"end":{"line":56,"column":7}},"11":{"start":{"line":59,"column":4},"end":{"line":71,"column":5}},"12":{"start":{"line":60,"column":6},"end":{"line":70,"column":9}},"13":{"start":{"line":74,"column":4},"end":{"line":81,"column":6}},"14":{"start":{"line":84,"column":16},"end":{"line":91,"column":3}},"15":{"start":{"line":85,"column":4},"end":{"line":90,"column":7}},"16":{"start":{"line":93,"column":17},"end":{"line":101,"column":3}},"17":{"start":{"line":94,"column":4},"end":{"line":99,"column":7}},"18":{"start":{"line":100,"column":4},"end":{"line":100,"column":30}},"19":{"start":{"line":104,"column":4},"end":{"line":184,"column":5}},"20":{"start":{"line":105,"column":6},"end":{"line":183,"column":8}},"21":{"start":{"line":186,"column":4},"end":{"line":186,"column":31}},"22":{"start":{"line":31,"column":0},"end":{"line":31,"column":13}},"23":{"start":{"line":190,"column":15},"end":{"line":344,"column":2}}},"fnMap":{"0":{"name":"(anonymous_10)","decl":{"start":{"line":32,"column":2},"end":{"line":32,"column":14}},"loc":{"start":{"line":32,"column":26},"end":{"line":40,"column":3}}},"1":{"name":"(anonymous_11)","decl":{"start":{"line":42,"column":2},"end":{"line":42,"column":8}},"loc":{"start":{"line":42,"column":46},"end":{"line":47,"column":3}}},"2":{"name":"(anonymous_12)","decl":{"start":{"line":49,"column":2},"end":{"line":49,"column":19}},"loc":{"start":{"line":49,"column":60},"end":{"line":82,"column":3}}},"3":{"name":"(anonymous_13)","decl":{"start":{"line":84,"column":16},"end":{"line":84,"column":19}},"loc":{"start":{"line":84,"column":21},"end":{"line":91,"column":3}}},"4":{"name":"(anonymous_14)","decl":{"start":{"line":93,"column":17},"end":{"line":93,"column":20}},"loc":{"start":{"line":93,"column":22},"end":{"line":101,"column":3}}},"5":{"name":"(anonymous_15)","decl":{"start":{"line":103,"column":2},"end":{"line":103,"column":8}},"loc":{"start":{"line":103,"column":8},"end":{"line":187,"column":3}}}},"branchMap":{"0":{"loc":{"start":{"line":59,"column":4},"end":{"line":71,"column":5}},"type":"if","locations":[{"start":{"line":59,"column":4},"end":{"line":71,"column":5}},{"start":{},"end":{}}]},"1":{"loc":{"start":{"line":104,"column":4},"end":{"line":184,"column":5}},"type":"if","locations":[{"start":{"line":104,"column":4},"end":{"line":184,"column":5}},{"start":{},"end":{}}]},"2":{"loc":{"start":{"line":126,"column":13},"end":{"line":132,"column":null}},"type":"binary-expr","locations":[{"start":{"line":126,"column":13},"end":{"line":126,"column":38}},{"start":{"line":127,"column":14},"end":{"line":131,"column":null}}]},"3":{"loc":{"start":{"line":136,"column":13},"end":{"line":147,"column":null}},"type":"binary-expr","locations":[{"start":{"line":136,"column":13},"end":{"line":136,"column":50}},{"start":{"line":136,"column":54},"end":{"line":136,"column":74}},{"start":{"line":137,"column":14},"end":{"line":146,"column":null}}]}},"s":{"0":0,"1":0,"2":0,"3":0,"4":0,"5":0,"6":0,"7":0,"8":0,"9":0,"10":0,"11":0,"12":0,"13":0,"14":0,"15":0,"16":0,"17":0,"18":0,"19":0,"20":0,"21":0,"22":0,"23":0},"f":{"0":0,"1":0,"2":0,"3":0,"4":0,"5":0},"b":{"0":[0,0],"1":[0,0],"2":[0,0],"3":[0,0,0]}}
,"/Users/dan/equishow/expo_app/components/FormField.tsx": {"path":"/Users/dan/equishow/expo_app/components/FormField.tsx","statementMap":{"0":{"start":{"line":9,"column":0},"end":{"line":9,"column":64}},"1":{"start":{"line":10,"column":0},"end":{"line":10,"column":null}},"2":{"start":{"line":21,"column":0},"end":{"line":21,"column":75}},"3":{"start":{"line":135,"column":44},"end":{"line":349,"column":1}},"4":{"start":{"line":159,"column":36},"end":{"line":159,"column":51}},"5":{"start":{"line":160,"column":50},"end":{"line":160,"column":95}},"6":{"start":{"line":165,"column":24},"end":{"line":181,"column":null}},"7":{"start":{"line":167,"column":37},"end":{"line":167,"column":54}},"8":{"start":{"line":170,"column":6},"end":{"line":175,"column":7}},"9":{"start":{"line":171,"column":8},"end":{"line":171,"column":56}},"10":{"start":{"line":172,"column":13},"end":{"line":175,"column":7}},"11":{"start":{"line":174,"column":8},"end":{"line":174,"column":39}},"12":{"start":{"line":177,"column":6},"end":{"line":177,"column":34}},"13":{"start":{"line":178,"column":6},"end":{"line":178,"column":33}},"14":{"start":{"line":179,"column":6},"end":{"line":179,"column":20}},"15":{"start":{"line":187,"column":27},"end":{"line":209,"column":null}},"16":{"start":{"line":189,"column":22},"end":{"line":189,"column":26}},"17":{"start":{"line":192,"column":6},"end":{"line":199,"column":7}},"18":{"start":{"line":193,"column":8},"end":{"line":198,"column":91}},"19":{"start":{"line":193,"column":37},"end":{"line":193,"column":87}},"20":{"start":{"line":194,"column":13},"end":{"line":198,"column":91}},"21":{"start":{"line":194,"column":43},"end":{"line":194,"column":76}},"22":{"start":{"line":195,"column":13},"end":{"line":198,"column":91}},"23":{"start":{"line":195,"column":42},"end":{"line":195,"column":74}},"24":{"start":{"line":196,"column":13},"end":{"line":198,"column":91}},"25":{"start":{"line":196,"column":43},"end":{"line":196,"column":76}},"26":{"start":{"line":197,"column":13},"end":{"line":198,"column":91}},"27":{"start":{"line":197,"column":41},"end":{"line":197,"column":72}},"28":{"start":{"line":198,"column":13},"end":{"line":198,"column":91}},"29":{"start":{"line":198,"column":41},"end":{"line":198,"column":91}},"30":{"start":{"line":202,"column":6},"end":{"line":202,"column":37}},"31":{"start":{"line":205,"column":6},"end":{"line":207,"column":7}},"32":{"start":{"line":206,"column":8},"end":{"line":206,"column":33}},"33":{"start":{"line":215,"column":22},"end":{"line":217,"column":8}},"34":{"start":{"line":216,"column":4},"end":{"line":216,"column":23}},"35":{"start":{"line":222,"column":21},"end":{"line":227,"column":55}},"36":{"start":{"line":223,"column":4},"end":{"line":223,"column":24}},"37":{"start":{"line":224,"column":4},"end":{"line":226,"column":5}},"38":{"start":{"line":225,"column":6},"end":{"line":225,"column":27}},"39":{"start":{"line":230,"column":20},"end":{"line":230,"column":65}},"40":{"start":{"line":231,"column":23},"end":{"line":231,"column":89}},"41":{"start":{"line":233,"column":17},"end":{"line":292,"column":4}},"42":{"start":{"line":294,"column":2},"end":{"line":348,"column":4}},"43":{"start":{"line":351,"column":0},"end":{"line":351,"column":25}}},"fnMap":{"0":{"name":"(anonymous_9)","decl":{"start":{"line":135,"column":44},"end":{"line":135,"column":45}},"loc":{"start":{"line":158,"column":5},"end":{"line":349,"column":1}}},"1":{"name":"(anonymous_10)","decl":{"start":{"line":166,"column":4},"end":{"line":166,"column":5}},"loc":{"start":{"line":166,"column":27},"end":{"line":180,"column":5}}},"2":{"name":"(anonymous_11)","decl":{"start":{"line":188,"column":4},"end":{"line":188,"column":5}},"loc":{"start":{"line":188,"column":21},"end":{"line":208,"column":5}}},"3":{"name":"(anonymous_12)","decl":{"start":{"line":215,"column":34},"end":{"line":215,"column":37}},"loc":{"start":{"line":215,"column":39},"end":{"line":217,"column":3}}},"4":{"name":"(anonymous_13)","decl":{"start":{"line":222,"column":33},"end":{"line":222,"column":36}},"loc":{"start":{"line":222,"column":38},"end":{"line":227,"column":3}}}},"branchMap":{"0":{"loc":{"start":{"line":142,"column":2},"end":{"line":142,"column":23}},"type":"default-arg","locations":[{"start":{"line":142,"column":17},"end":{"line":142,"column":23}}]},"1":{"loc":{"start":{"line":143,"column":2},"end":{"line":143,"column":23}},"type":"default-arg","locations":[{"start":{"line":143,"column":14},"end":{"line":143,"column":23}}]},"2":{"loc":{"start":{"line":144,"column":2},"end":{"line":144,"column":18}},"type":"default-arg","locations":[{"start":{"line":144,"column":13},"end":{"line":144,"column":18}}]},"3":{"loc":{"start":{"line":145,"column":2},"end":{"line":145,"column":25}},"type":"default-arg","locations":[{"start":{"line":145,"column":20},"end":{"line":145,"column":25}}]},"4":{"loc":{"start":{"line":149,"column":2},"end":{"line":149,"column":23}},"type":"default-arg","locations":[{"start":{"line":149,"column":19},"end":{"line":149,"column":23}}]},"5":{"loc":{"start":{"line":150,"column":2},"end":{"line":150,"column":17}},"type":"default-arg","locations":[{"start":{"line":150,"column":12},"end":{"line":150,"column":17}}]},"6":{"loc":{"start":{"line":155,"column":2},"end":{"line":155,"column":23}},"type":"default-arg","locations":[{"start":{"line":155,"column":18},"end":{"line":155,"column":23}}]},"7":{"loc":{"start":{"line":156,"column":2},"end":{"line":156,"column":18}},"type":"default-arg","locations":[{"start":{"line":156,"column":13},"end":{"line":156,"column":18}}]},"8":{"loc":{"start":{"line":157,"column":2},"end":{"line":157,"column":19}},"type":"default-arg","locations":[{"start":{"line":157,"column":14},"end":{"line":157,"column":19}}]},"9":{"loc":{"start":{"line":170,"column":6},"end":{"line":175,"column":7}},"type":"if","locations":[{"start":{"line":170,"column":6},"end":{"line":175,"column":7}},{"start":{"line":172,"column":13},"end":{"line":175,"column":7}}]},"10":{"loc":{"start":{"line":170,"column":10},"end":{"line":170,"column":78}},"type":"binary-expr","locations":[{"start":{"line":170,"column":10},"end":{"line":170,"column":18}},{"start":{"line":170,"column":22},"end":{"line":170,"column":78}}]},"11":{"loc":{"start":{"line":172,"column":13},"end":{"line":175,"column":7}},"type":"if","locations":[{"start":{"line":172,"column":13},"end":{"line":175,"column":7}},{"start":{},"end":{}}]},"12":{"loc":{"start":{"line":192,"column":6},"end":{"line":199,"column":7}},"type":"if","locations":[{"start":{"line":192,"column":6},"end":{"line":199,"column":7}},{"start":{},"end":{}}]},"13":{"loc":{"start":{"line":193,"column":8},"end":{"line":198,"column":91}},"type":"if","locations":[{"start":{"line":193,"column":8},"end":{"line":198,"column":91}},{"start":{"line":194,"column":13},"end":{"line":198,"column":91}}]},"14":{"loc":{"start":{"line":193,"column":69},"end":{"line":193,"column":85}},"type":"binary-expr","locations":[{"start":{"line":193,"column":69},"end":{"line":193,"column":78}},{"start":{"line":193,"column":82},"end":{"line":193,"column":85}}]},"15":{"loc":{"start":{"line":194,"column":13},"end":{"line":198,"column":91}},"type":"if","locations":[{"start":{"line":194,"column":13},"end":{"line":198,"column":91}},{"start":{"line":195,"column":13},"end":{"line":198,"column":91}}]},"16":{"loc":{"start":{"line":195,"column":13},"end":{"line":198,"column":91}},"type":"if","locations":[{"start":{"line":195,"column":13},"end":{"line":198,"column":91}},{"start":{"line":196,"column":13},"end":{"line":198,"column":91}}]},"17":{"loc":{"start":{"line":196,"column":13},"end":{"line":198,"column":91}},"type":"if","locations":[{"start":{"line":196,"column":13},"end":{"line":198,"column":91}},{"start":{"line":197,"column":13},"end":{"line":198,"column":91}}]},"18":{"loc":{"start":{"line":197,"column":13},"end":{"line":198,"column":91}},"type":"if","locations":[{"start":{"line":197,"column":13},"end":{"line":198,"column":91}},{"start":{"line":198,"column":13},"end":{"line":198,"column":91}}]},"19":{"loc":{"start":{"line":198,"column":13},"end":{"line":198,"column":91}},"type":"if","locations":[{"start":{"line":198,"column":13},"end":{"line":198,"column":91}},{"start":{},"end":{}}]},"20":{"loc":{"start":{"line":198,"column":72},"end":{"line":198,"column":89}},"type":"binary-expr","locations":[{"start":{"line":198,"column":72},"end":{"line":198,"column":81}},{"start":{"line":198,"column":85},"end":{"line":198,"column":89}}]},"21":{"loc":{"start":{"line":205,"column":6},"end":{"line":207,"column":7}},"type":"if","locations":[{"start":{"line":205,"column":6},"end":{"line":207,"column":7}},{"start":{},"end":{}}]},"22":{"loc":{"start":{"line":205,"column":10},"end":{"line":205,"column":38}},"type":"binary-expr","locations":[{"start":{"line":205,"column":10},"end":{"line":205,"column":25}},{"start":{"line":205,"column":29},"end":{"line":205,"column":38}}]},"23":{"loc":{"start":{"line":224,"column":4},"end":{"line":226,"column":5}},"type":"if","locations":[{"start":{"line":224,"column":4},"end":{"line":226,"column":5}},{"start":{},"end":{}}]},"24":{"loc":{"start":{"line":224,"column":8},"end":{"line":224,"column":35}},"type":"binary-expr","locations":[{"start":{"line":224,"column":8},"end":{"line":224,"column":22}},{"start":{"line":224,"column":26},"end":{"line":224,"column":35}}]},"25":{"loc":{"start":{"line":230,"column":20},"end":{"line":230,"column":65}},"type":"binary-expr","locations":[{"start":{"line":230,"column":20},"end":{"line":230,"column":27}},{"start":{"line":230,"column":31},"end":{"line":230,"column":65}}]},"26":{"loc":{"start":{"line":231,"column":23},"end":{"line":231,"column":89}},"type":"cond-expr","locations":[{"start":{"line":231,"column":60},"end":{"line":231,"column":82}},{"start":{"line":231,"column":85},"end":{"line":231,"column":89}}]},"27":{"loc":{"start":{"line":260,"column":19},"end":{"line":260,"column":79}},"type":"cond-expr","locations":[{"start":{"line":260,"column":31},"end":{"line":260,"column":40}},{"start":{"line":260,"column":43},"end":{"line":260,"column":79}}]},"28":{"loc":{"start":{"line":260,"column":43},"end":{"line":260,"column":79}},"type":"cond-expr","locations":[{"start":{"line":260,"column":58},"end":{"line":260,"column":67}},{"start":{"line":260,"column":70},"end":{"line":260,"column":79}}]},"29":{"loc":{"start":{"line":261,"column":23},"end":{"line":261,"column":55}},"type":"cond-expr","locations":[{"start":{"line":261,"column":34},"end":{"line":261,"column":43}},{"start":{"line":261,"column":46},"end":{"line":261,"column":55}}]},"30":{"loc":{"start":{"line":269,"column":18},"end":{"line":269,"column":62}},"type":"cond-expr","locations":[{"start":{"line":269,"column":42},"end":{"line":269,"column":50}},{"start":{"line":269,"column":53},"end":{"line":269,"column":62}}]},"31":{"loc":{"start":{"line":300,"column":11},"end":{"line":300,"column":71}},"type":"binary-expr","locations":[{"start":{"line":300,"column":11},"end":{"line":300,"column":19}},{"start":{"line":300,"column":23},"end":{"line":300,"column":71}}]},"32":{"loc":{"start":{"line":302,"column":9},"end":{"line":305,"column":null}},"type":"binary-expr","locations":[{"start":{"line":302,"column":9},"end":{"line":302,"column":22}},{"start":{"line":302,"column":26},"end":{"line":302,"column":35}},{"start":{"line":303,"column":10},"end":{"line":304,"column":null}}]},"33":{"loc":{"start":{"line":313,"column":10},"end":{"line":313,"column":42}},"type":"binary-expr","locations":[{"start":{"line":313,"column":10},"end":{"line":313,"column":19}},{"start":{"line":313,"column":23},"end":{"line":313,"column":42}}]},"34":{"loc":{"start":{"line":314,"column":10},"end":{"line":314,"column":43}},"type":"binary-expr","locations":[{"start":{"line":314,"column":10},"end":{"line":314,"column":22}},{"start":{"line":314,"column":26},"end":{"line":314,"column":43}}]},"35":{"loc":{"start":{"line":338,"column":7},"end":{"line":338,"column":102}},"type":"binary-expr","locations":[{"start":{"line":338,"column":7},"end":{"line":338,"column":16}},{"start":{"line":338,"column":20},"end":{"line":338,"column":32}},{"start":{"line":338,"column":36},"end":{"line":338,"column":102}}]},"36":{"loc":{"start":{"line":341,"column":7},"end":{"line":342,"column":null}},"type":"binary-expr","locations":[{"start":{"line":341,"column":7},"end":{"line":341,"column":14}},{"start":{"line":341,"column":18},"end":{"line":341,"column":42}},{"start":{"line":342,"column":8},"end":{"line":342,"column":74}}]},"37":{"loc":{"start":{"line":346,"column":7},"end":{"line":346,"column":83}},"type":"binary-expr","locations":[{"start":{"line":346,"column":7},"end":{"line":346,"column":15}},{"start":{"line":346,"column":19},"end":{"line":346,"column":32}},{"start":{"line":346,"column":36},"end":{"line":346,"column":83}}]}},"s":{"0":0,"1":0,"2":0,"3":0,"4":0,"5":0,"6":0,"7":0,"8":0,"9":0,"10":0,"11":0,"12":0,"13":0,"14":0,"15":0,"16":0,"17":0,"18":0,"19":0,"20":0,"21":0,"22":0,"23":0,"24":0,"25":0,"26":0,"27":0,"28":0,"29":0,"30":0,"31":0,"32":0,"33":0,"34":0,"35":0,"36":0,"37":0,"38":0,"39":0,"40":0,"41":0,"42":0,"43":0},"f":{"0":0,"1":0,"2":0,"3":0,"4":0},"b":{"0":[0],"1":[0],"2":[0],"3":[0],"4":[0],"5":[0],"6":[0],"7":[0],"8":[0],"9":[0,0],"10":[0,0],"11":[0,0],"12":[0,0],"13":[0,0],"14":[0,0],"15":[0,0],"16":[0,0],"17":[0,0],"18":[0,0],"19":[0,0],"20":[0,0],"21":[0,0],"22":[0,0],"23":[0,0],"24":[0,0],"25":[0,0],"26":[0,0],"27":[0,0],"28":[0,0],"29":[0,0],"30":[0,0],"31":[0,0],"32":[0,0,0],"33":[0,0],"34":[0,0],"35":[0,0,0],"36":[0,0,0],"37":[0,0,0]}}
,"/Users/dan/equishow/expo_app/components/PhotoAvatar.tsx": {"path":"/Users/dan/equishow/expo_app/components/PhotoAvatar.tsx","statementMap":{"0":{"start":{"line":19,"column":0},"end":{"line":19,"column":16}},"1":{"start":{"line":1,"column":0},"end":{"line":1,"column":40}},"2":{"start":{"line":2,"column":0},"end":{"line":2,"column":79}},"3":{"start":{"line":3,"column":0},"end":{"line":3,"column":45}},"4":{"start":{"line":4,"column":0},"end":{"line":4,"column":83}},"5":{"start":{"line":6,"column":15},"end":{"line":10,"column":2}},"6":{"start":{"line":12,"column":15},"end":{"line":17,"column":2}},"7":{"start":{"line":25,"column":38},"end":{"line":25,"column":53}},"8":{"start":{"line":26,"column":34},"end":{"line":26,"column":67}},"9":{"start":{"line":27,"column":34},"end":{"line":27,"column":57}},"10":{"start":{"line":30,"column":4},"end":{"line":30,"column":33}},"11":{"start":{"line":31,"column":4},"end":{"line":31,"column":25}},"12":{"start":{"line":34,"column":2},"end":{"line":101,"column":4}},"13":{"start":{"line":38,"column":23},"end":{"line":38,"column":52}},"14":{"start":{"line":51,"column":80},"end":{"line":51,"column":100}},"15":{"start":{"line":64,"column":18},"end":{"line":69,"column":null}},"16":{"start":{"line":67,"column":35},"end":{"line":67,"column":49}},"17":{"start":{"line":78,"column":18},"end":{"line":83,"column":null}},"18":{"start":{"line":81,"column":35},"end":{"line":81,"column":49}},"19":{"start":{"line":89,"column":69},"end":{"line":89,"column":89}},"20":{"start":{"line":104,"column":10},"end":{"line":125,"column":2}}},"fnMap":{"0":{"name":"PhotoAvatar","decl":{"start":{"line":19,"column":16},"end":{"line":19,"column":27}},"loc":{"start":{"line":24,"column":1},"end":{"line":102,"column":1}}},"1":{"name":"confirm","decl":{"start":{"line":29,"column":11},"end":{"line":29,"column":18}},"loc":{"start":{"line":29,"column":18},"end":{"line":32,"column":3}}},"2":{"name":"(anonymous_11)","decl":{"start":{"line":38,"column":17},"end":{"line":38,"column":20}},"loc":{"start":{"line":38,"column":23},"end":{"line":38,"column":52}}},"3":{"name":"(anonymous_12)","decl":{"start":{"line":51,"column":74},"end":{"line":51,"column":77}},"loc":{"start":{"line":51,"column":80},"end":{"line":51,"column":100}}},"4":{"name":"(anonymous_13)","decl":{"start":{"line":63,"column":28},"end":{"line":63,"column":29}},"loc":{"start":{"line":64,"column":18},"end":{"line":69,"column":null}}},"5":{"name":"(anonymous_14)","decl":{"start":{"line":67,"column":29},"end":{"line":67,"column":32}},"loc":{"start":{"line":67,"column":35},"end":{"line":67,"column":49}}},"6":{"name":"(anonymous_15)","decl":{"start":{"line":77,"column":28},"end":{"line":77,"column":29}},"loc":{"start":{"line":78,"column":18},"end":{"line":83,"column":null}}},"7":{"name":"(anonymous_16)","decl":{"start":{"line":81,"column":29},"end":{"line":81,"column":32}},"loc":{"start":{"line":81,"column":35},"end":{"line":81,"column":49}}},"8":{"name":"(anonymous_17)","decl":{"start":{"line":89,"column":63},"end":{"line":89,"column":66}},"loc":{"start":{"line":89,"column":69},"end":{"line":89,"column":89}}}},"branchMap":{"0":{"loc":{"start":{"line":19,"column":44},"end":{"line":19,"column":53}},"type":"default-arg","locations":[{"start":{"line":19,"column":51},"end":{"line":19,"column":53}}]},"1":{"loc":{"start":{"line":26,"column":43},"end":{"line":26,"column":66}},"type":"binary-expr","locations":[{"start":{"line":26,"column":43},"end":{"line":26,"column":48}},{"start":{"line":26,"column":52},"end":{"line":26,"column":66}}]},"2":{"loc":{"start":{"line":27,"column":43},"end":{"line":27,"column":56}},"type":"binary-expr","locations":[{"start":{"line":27,"column":43},"end":{"line":27,"column":48}},{"start":{"line":27,"column":52},"end":{"line":27,"column":56}}]},"3":{"loc":{"start":{"line":38,"column":23},"end":{"line":38,"column":52}},"type":"binary-expr","locations":[{"start":{"line":38,"column":23},"end":{"line":38,"column":29}},{"start":{"line":38,"column":33},"end":{"line":38,"column":52}}]},"4":{"loc":{"start":{"line":39,"column":23},"end":{"line":39,"column":39}},"type":"cond-expr","locations":[{"start":{"line":39,"column":32},"end":{"line":39,"column":35}},{"start":{"line":39,"column":38},"end":{"line":39,"column":39}}]},"5":{"loc":{"start":{"line":42,"column":9},"end":{"line":45,"column":null}},"type":"binary-expr","locations":[{"start":{"line":42,"column":9},"end":{"line":42,"column":15}},{"start":{"line":43,"column":10},"end":{"line":44,"column":null}}]},"6":{"loc":{"start":{"line":49,"column":7},"end":{"line":98,"column":null}},"type":"binary-expr","locations":[{"start":{"line":49,"column":7},"end":{"line":49,"column":13}},{"start":{"line":50,"column":8},"end":{"line":97,"column":null}}]},"7":{"loc":{"start":{"line":66,"column":64},"end":{"line":66,"column":98}},"type":"binary-expr","locations":[{"start":{"line":66,"column":64},"end":{"line":66,"column":78}},{"start":{"line":66,"column":82},"end":{"line":66,"column":98}}]},"8":{"loc":{"start":{"line":69,"column":21},"end":{"line":69,"column":74}},"type":"binary-expr","locations":[{"start":{"line":69,"column":21},"end":{"line":69,"column":35}},{"start":{"line":69,"column":39},"end":{"line":69,"column":74}}]},"9":{"loc":{"start":{"line":80,"column":40},"end":{"line":80,"column":74}},"type":"binary-expr","locations":[{"start":{"line":80,"column":40},"end":{"line":80,"column":54}},{"start":{"line":80,"column":58},"end":{"line":80,"column":74}}]}},"s":{"0":0,"1":0,"2":0,"3":0,"4":0,"5":0,"6":0,"7":0,"8":0,"9":0,"10":0,"11":0,"12":0,"13":0,"14":0,"15":0,"16":0,"17":0,"18":0,"19":0,"20":0},"f":{"0":0,"1":0,"2":0,"3":0,"4":0,"5":0,"6":0,"7":0,"8":0},"b":{"0":[0],"1":[0,0],"2":[0,0],"3":[0,0],"4":[0,0],"5":[0,0],"6":[0,0],"7":[0,0],"8":[0,0],"9":[0,0]}}
,"/Users/dan/equishow/expo_app/components/PostCard.tsx": {"path":"/Users/dan/equishow/expo_app/components/PostCard.tsx","statementMap":{"0":{"start":{"line":26,"column":0},"end":{"line":26,"column":24}},"1":{"start":{"line":1,"column":0},"end":{"line":1,"column":40}},"2":{"start":{"line":2,"column":0},"end":{"line":2,"column":null}},"3":{"start":{"line":13,"column":0},"end":{"line":13,"column":53}},"4":{"start":{"line":14,"column":0},"end":{"line":14,"column":43}},"5":{"start":{"line":15,"column":0},"end":{"line":15,"column":45}},"6":{"start":{"line":16,"column":0},"end":{"line":16,"column":75}},"7":{"start":{"line":27,"column":22},"end":{"line":27,"column":31}},"8":{"start":{"line":28,"column":61},"end":{"line":28,"column":83}},"9":{"start":{"line":29,"column":42},"end":{"line":29,"column":57}},"10":{"start":{"line":30,"column":44},"end":{"line":30,"column":59}},"11":{"start":{"line":31,"column":36},"end":{"line":31,"column":56}},"12":{"start":{"line":32,"column":40},"end":{"line":32,"column":62}},"13":{"start":{"line":34,"column":19},"end":{"line":34,"column":49}},"14":{"start":{"line":35,"column":24},"end":{"line":41,"column":4}},"15":{"start":{"line":43,"column":23},"end":{"line":61,"column":3}},"16":{"start":{"line":44,"column":4},"end":{"line":47,"column":5}},"17":{"start":{"line":45,"column":6},"end":{"line":45,"column":71}},"18":{"start":{"line":46,"column":6},"end":{"line":46,"column":13}},"19":{"start":{"line":49,"column":22},"end":{"line":52,"column":6}},"20":{"start":{"line":54,"column":4},"end":{"line":60,"column":5}},"21":{"start":{"line":55,"column":6},"end":{"line":55,"column":35}},"22":{"start":{"line":57,"column":6},"end":{"line":57,"column":57}},"23":{"start":{"line":58,"column":6},"end":{"line":58,"column":30}},"24":{"start":{"line":59,"column":6},"end":{"line":59,"column":24}},"25":{"start":{"line":63,"column":23},"end":{"line":83,"column":3}},"26":{"start":{"line":64,"column":4},"end":{"line":82,"column":6}},"27":{"start":{"line":72,"column":30},"end":{"line":72,"column":55}},"28":{"start":{"line":73,"column":12},"end":{"line":78,"column":13}},"29":{"start":{"line":74,"column":14},"end":{"line":74,"column":43}},"30":{"start":{"line":76,"column":14},"end":{"line":76,"column":53}},"31":{"start":{"line":77,"column":14},"end":{"line":77,"column":32}},"32":{"start":{"line":85,"column":2},"end":{"line":213,"column":4}},"33":{"start":{"line":105,"column":29},"end":{"line":105,"column":51}},"34":{"start":{"line":145,"column":25},"end":{"line":145,"column":55}},"35":{"start":{"line":163,"column":30},"end":{"line":163,"column":53}},"36":{"start":{"line":168,"column":25},"end":{"line":168,"column":48}},"37":{"start":{"line":193,"column":31},"end":{"line":193,"column":54}},"38":{"start":{"line":218,"column":47},"end":{"line":218,"column":75}},"39":{"start":{"line":219,"column":34},"end":{"line":219,"column":59}},"40":{"start":{"line":220,"column":43},"end":{"line":220,"column":68}},"41":{"start":{"line":221,"column":22},"end":{"line":221,"column":31}},"42":{"start":{"line":222,"column":40},"end":{"line":222,"column":52}},"43":{"start":{"line":223,"column":42},"end":{"line":223,"column":57}},"44":{"start":{"line":225,"column":27},"end":{"line":240,"column":3}},"45":{"start":{"line":226,"column":4},"end":{"line":229,"column":5}},"46":{"start":{"line":227,"column":6},"end":{"line":227,"column":62}},"47":{"start":{"line":228,"column":6},"end":{"line":228,"column":13}},"48":{"start":{"line":231,"column":4},"end":{"line":231,"column":26}},"49":{"start":{"line":232,"column":22},"end":{"line":232,"column":82}},"50":{"start":{"line":233,"column":4},"end":{"line":233,"column":27}},"51":{"start":{"line":235,"column":4},"end":{"line":239,"column":5}},"52":{"start":{"line":236,"column":6},"end":{"line":236,"column":35}},"53":{"start":{"line":238,"column":6},"end":{"line":238,"column":25}},"54":{"start":{"line":242,"column":2},"end":{"line":248,"column":3}},"55":{"start":{"line":243,"column":4},"end":{"line":247,"column":6}},"56":{"start":{"line":250,"column":2},"end":{"line":298,"column":4}},"57":{"start":{"line":256,"column":12},"end":{"line":261,"column":null}},"58":{"start":{"line":313,"column":38},"end":{"line":313,"column":53}},"59":{"start":{"line":315,"column":24},"end":{"line":321,"column":4}},"60":{"start":{"line":323,"column":23},"end":{"line":340,"column":3}},"61":{"start":{"line":324,"column":4},"end":{"line":339,"column":6}},"62":{"start":{"line":332,"column":12},"end":{"line":332,"column":32}},"63":{"start":{"line":333,"column":30},"end":{"line":333,"column":56}},"64":{"start":{"line":334,"column":12},"end":{"line":334,"column":33}},"65":{"start":{"line":335,"column":12},"end":{"line":335,"column":52}},"66":{"start":{"line":335,"column":23},"end":{"line":335,"column":52}},"67":{"start":{"line":342,"column":2},"end":{"line":364,"column":4}},"68":{"start":{"line":367,"column":10},"end":{"line":655,"column":2}}},"fnMap":{"0":{"name":"PostCard","decl":{"start":{"line":26,"column":24},"end":{"line":26,"column":32}},"loc":{"start":{"line":26,"column":73},"end":{"line":214,"column":1}}},"1":{"name":"(anonymous_10)","decl":{"start":{"line":43,"column":23},"end":{"line":43,"column":28}},"loc":{"start":{"line":43,"column":34},"end":{"line":61,"column":3}}},"2":{"name":"(anonymous_11)","decl":{"start":{"line":63,"column":23},"end":{"line":63,"column":28}},"loc":{"start":{"line":63,"column":34},"end":{"line":83,"column":3}}},"3":{"name":"(anonymous_12)","decl":{"start":{"line":68,"column":36},"end":{"line":68,"column":39}},"loc":{"start":{"line":68,"column":41},"end":{"line":68,"column":44}}},"4":{"name":"(anonymous_13)","decl":{"start":{"line":71,"column":19},"end":{"line":71,"column":24}},"loc":{"start":{"line":71,"column":30},"end":{"line":79,"column":11}}},"5":{"name":"(anonymous_14)","decl":{"start":{"line":105,"column":23},"end":{"line":105,"column":26}},"loc":{"start":{"line":105,"column":29},"end":{"line":105,"column":51}}},"6":{"name":"(anonymous_15)","decl":{"start":{"line":145,"column":19},"end":{"line":145,"column":22}},"loc":{"start":{"line":145,"column":25},"end":{"line":145,"column":55}}},"7":{"name":"(anonymous_16)","decl":{"start":{"line":163,"column":24},"end":{"line":163,"column":27}},"loc":{"start":{"line":163,"column":30},"end":{"line":163,"column":53}}},"8":{"name":"(anonymous_17)","decl":{"start":{"line":168,"column":19},"end":{"line":168,"column":22}},"loc":{"start":{"line":168,"column":25},"end":{"line":168,"column":48}}},"9":{"name":"(anonymous_18)","decl":{"start":{"line":193,"column":25},"end":{"line":193,"column":28}},"loc":{"start":{"line":193,"column":31},"end":{"line":193,"column":54}}},"10":{"name":"CommentSection","decl":{"start":{"line":217,"column":9},"end":{"line":217,"column":23}},"loc":{"start":{"line":217,"column":76},"end":{"line":299,"column":1}}},"11":{"name":"(anonymous_20)","decl":{"start":{"line":225,"column":27},"end":{"line":225,"column":32}},"loc":{"start":{"line":225,"column":38},"end":{"line":240,"column":3}}},"12":{"name":"(anonymous_21)","decl":{"start":{"line":255,"column":24},"end":{"line":255,"column":25}},"loc":{"start":{"line":256,"column":12},"end":{"line":261,"column":null}}},"13":{"name":"CommentItem","decl":{"start":{"line":302,"column":9},"end":{"line":302,"column":20}},"loc":{"start":{"line":312,"column":1},"end":{"line":365,"column":1}}},"14":{"name":"(anonymous_23)","decl":{"start":{"line":323,"column":23},"end":{"line":323,"column":28}},"loc":{"start":{"line":323,"column":34},"end":{"line":340,"column":3}}},"15":{"name":"(anonymous_24)","decl":{"start":{"line":328,"column":36},"end":{"line":328,"column":39}},"loc":{"start":{"line":328,"column":41},"end":{"line":328,"column":44}}},"16":{"name":"(anonymous_25)","decl":{"start":{"line":331,"column":19},"end":{"line":331,"column":24}},"loc":{"start":{"line":331,"column":30},"end":{"line":336,"column":11}}}},"branchMap":{"0":{"loc":{"start":{"line":44,"column":4},"end":{"line":47,"column":5}},"type":"if","locations":[{"start":{"line":44,"column":4},"end":{"line":47,"column":5}},{"start":{},"end":{}}]},"1":{"loc":{"start":{"line":44,"column":8},"end":{"line":44,"column":48}},"type":"binary-expr","locations":[{"start":{"line":44,"column":8},"end":{"line":44,"column":25}},{"start":{"line":44,"column":29},"end":{"line":44,"column":48}}]},"2":{"loc":{"start":{"line":54,"column":4},"end":{"line":60,"column":5}},"type":"if","locations":[{"start":{"line":54,"column":4},"end":{"line":60,"column":5}},{"start":{"line":56,"column":11},"end":{"line":60,"column":5}}]},"3":{"loc":{"start":{"line":73,"column":12},"end":{"line":78,"column":13}},"type":"if","locations":[{"start":{"line":73,"column":12},"end":{"line":78,"column":13}},{"start":{"line":75,"column":19},"end":{"line":78,"column":13}}]},"4":{"loc":{"start":{"line":101,"column":9},"end":{"line":120,"column":null}},"type":"binary-expr","locations":[{"start":{"line":101,"column":9},"end":{"line":101,"column":17}},{"start":{"line":102,"column":10},"end":{"line":119,"column":null}}]},"5":{"loc":{"start":{"line":114,"column":15},"end":{"line":117,"column":null}},"type":"cond-expr","locations":[{"start":{"line":115,"column":16},"end":{"line":115,"column":72}},{"start":{"line":117,"column":16},"end":{"line":117,"column":54}}]},"6":{"loc":{"start":{"line":148,"column":13},"end":{"line":148,"column":46}},"type":"cond-expr","locations":[{"start":{"line":148,"column":28},"end":{"line":148,"column":37}},{"start":{"line":148,"column":40},"end":{"line":148,"column":46}}]},"7":{"loc":{"start":{"line":154,"column":7},"end":{"line":155,"column":null}},"type":"binary-expr","locations":[{"start":{"line":154,"column":7},"end":{"line":154,"column":19}},{"start":{"line":155,"column":8},"end":{"line":155,"column":55}}]},"8":{"loc":{"start":{"line":198,"column":39},"end":{"line":198,"column":74}},"type":"binary-expr","locations":[{"start":{"line":198,"column":39},"end":{"line":198,"column":49}},{"start":{"line":198,"column":53},"end":{"line":198,"column":74}}]},"9":{"loc":{"start":{"line":202,"column":17},"end":{"line":205,"column":null}},"type":"cond-expr","locations":[{"start":{"line":203,"column":18},"end":{"line":203,"column":79}},{"start":{"line":205,"column":18},"end":{"line":205,"column":68}}]},"10":{"loc":{"start":{"line":226,"column":4},"end":{"line":229,"column":5}},"type":"if","locations":[{"start":{"line":226,"column":4},"end":{"line":229,"column":5}},{"start":{},"end":{}}]},"11":{"loc":{"start":{"line":235,"column":4},"end":{"line":239,"column":5}},"type":"if","locations":[{"start":{"line":235,"column":4},"end":{"line":239,"column":5}},{"start":{"line":237,"column":11},"end":{"line":239,"column":5}}]},"12":{"loc":{"start":{"line":242,"column":2},"end":{"line":248,"column":3}},"type":"if","locations":[{"start":{"line":242,"column":2},"end":{"line":248,"column":3}},{"start":{},"end":{}}]},"13":{"loc":{"start":{"line":253,"column":7},"end":{"line":264,"column":null}},"type":"binary-expr","locations":[{"start":{"line":253,"column":7},"end":{"line":253,"column":26}},{"start":{"line":254,"column":8},"end":{"line":263,"column":null}}]},"14":{"loc":{"start":{"line":273,"column":15},"end":{"line":273,"column":48}},"type":"binary-expr","locations":[{"start":{"line":273,"column":15},"end":{"line":273,"column":41}},{"start":{"line":273,"column":45},"end":{"line":273,"column":48}}]},"15":{"loc":{"start":{"line":285,"column":40},"end":{"line":285,"column":82}},"type":"binary-expr","locations":[{"start":{"line":285,"column":40},"end":{"line":285,"column":52}},{"start":{"line":285,"column":56},"end":{"line":285,"column":82}}]},"16":{"loc":{"start":{"line":289,"column":13},"end":{"line":292,"column":null}},"type":"cond-expr","locations":[{"start":{"line":290,"column":14},"end":{"line":290,"column":75}},{"start":{"line":292,"column":14},"end":{"line":292,"column":59}}]},"17":{"loc":{"start":{"line":335,"column":12},"end":{"line":335,"column":52}},"type":"if","locations":[{"start":{"line":335,"column":12},"end":{"line":335,"column":52}},{"start":{},"end":{}}]},"18":{"loc":{"start":{"line":352,"column":9},"end":{"line":359,"column":null}},"type":"binary-expr","locations":[{"start":{"line":352,"column":9},"end":{"line":352,"column":17}},{"start":{"line":353,"column":10},"end":{"line":358,"column":null}}]},"19":{"loc":{"start":{"line":354,"column":13},"end":{"line":357,"column":null}},"type":"cond-expr","locations":[{"start":{"line":355,"column":14},"end":{"line":355,"column":70}},{"start":{"line":357,"column":14},"end":{"line":357,"column":55}}]}},"s":{"0":0,"1":0,"2":0,"3":0,"4":0,"5":0,"6":0,"7":0,"8":0,"9":0,"10":0,"11":0,"12":0,"13":0,"14":0,"15":0,"16":0,"17":0,"18":0,"19":0,"20":0,"21":0,"22":0,"23":0,"24":0,"25":0,"26":0,"27":0,"28":0,"29":0,"30":0,"31":0,"32":0,"33":0,"34":0,"35":0,"36":0,"37":0,"38":0,"39":0,"40":0,"41":0,"42":0,"43":0,"44":0,"45":0,"46":0,"47":0,"48":0,"49":0,"50":0,"51":0,"52":0,"53":0,"54":0,"55":0,"56":0,"57":0,"58":0,"59":0,"60":0,"61":0,"62":0,"63":0,"64":0,"65":0,"66":0,"67":0,"68":0},"f":{"0":0,"1":0,"2":0,"3":0,"4":0,"5":0,"6":0,"7":0,"8":0,"9":0,"10":0,"11":0,"12":0,"13":0,"14":0,"15":0,"16":0},"b":{"0":[0,0],"1":[0,0],"2":[0,0],"3":[0,0],"4":[0,0],"5":[0,0],"6":[0,0],"7":[0,0],"8":[0,0],"9":[0,0],"10":[0,0],"11":[0,0],"12":[0,0],"13":[0,0],"14":[0,0],"15":[0,0],"16":[0,0],"17":[0,0],"18":[0,0],"19":[0,0]}}
,"/Users/dan/equishow/expo_app/hooks/useAuth.ts": {"path":"/Users/dan/equishow/expo_app/hooks/useAuth.ts","statementMap":{"0":{"start":{"line":1,"column":0},"end":{"line":1,"column":57}},"1":{"start":{"line":2,"column":0},"end":{"line":2,"column":40}},"2":{"start":{"line":4,"column":0},"end":{"line":4,"column":90}},"3":{"start":{"line":10,"column":23},"end":{"line":185,"column":1}},"4":{"start":{"line":11,"column":17},"end":{"line":11,"column":28}},"5":{"start":{"line":12,"column":34},"end":{"line":12,"column":65}},"6":{"start":{"line":13,"column":32},"end":{"line":13,"column":59}},"7":{"start":{"line":14,"column":32},"end":{"line":14,"column":62}},"8":{"start":{"line":15,"column":36},"end":{"line":15,"column":50}},"9":{"start":{"line":16,"column":40},"end":{"line":16,"column":55}},"10":{"start":{"line":17,"column":40},"end":{"line":17,"column":55}},"11":{"start":{"line":18,"column":28},"end":{"line":18,"column":57}},"12":{"start":{"line":21,"column":2},"end":{"line":84,"column":9}},"13":{"start":{"line":22,"column":27},"end":{"line":53,"column":5}},"14":{"start":{"line":23,"column":6},"end":{"line":52,"column":7}},"15":{"start":{"line":24,"column":8},"end":{"line":24,"column":27}},"16":{"start":{"line":28,"column":10},"end":{"line":28,"column":42}},"17":{"start":{"line":30,"column":8},"end":{"line":30,"column":45}},"18":{"start":{"line":30,"column":26},"end":{"line":30,"column":45}},"19":{"start":{"line":32,"column":8},"end":{"line":32,"column":35}},"20":{"start":{"line":35,"column":8},"end":{"line":46,"column":9}},"21":{"start":{"line":36,"column":10},"end":{"line":36,"column":43}},"22":{"start":{"line":39,"column":12},"end":{"line":39,"column":56}},"23":{"start":{"line":41,"column":10},"end":{"line":45,"column":11}},"24":{"start":{"line":42,"column":12},"end":{"line":42,"column":69}},"25":{"start":{"line":44,"column":12},"end":{"line":44,"column":36}},"26":{"start":{"line":48,"column":8},"end":{"line":48,"column":57}},"27":{"start":{"line":49,"column":8},"end":{"line":49,"column":30}},"28":{"start":{"line":51,"column":8},"end":{"line":51,"column":28}},"29":{"start":{"line":55,"column":4},"end":{"line":55,"column":21}},"30":{"start":{"line":58,"column":39},"end":{"line":78,"column":null}},"31":{"start":{"line":60,"column":8},"end":{"line":60,"column":47}},"32":{"start":{"line":62,"column":8},"end":{"line":62,"column":31}},"33":{"start":{"line":64,"column":8},"end":{"line":77,"column":9}},"34":{"start":{"line":65,"column":10},"end":{"line":65,"column":39}},"35":{"start":{"line":68,"column":10},"end":{"line":72,"column":11}},"36":{"start":{"line":69,"column":42},"end":{"line":69,"column":82}},"37":{"start":{"line":70,"column":12},"end":{"line":70,"column":36}},"38":{"start":{"line":71,"column":12},"end":{"line":71,"column":68}},"39":{"start":{"line":74,"column":10},"end":{"line":74,"column":28}},"40":{"start":{"line":75,"column":10},"end":{"line":75,"column":27}},"41":{"start":{"line":76,"column":10},"end":{"line":76,"column":43}},"42":{"start":{"line":81,"column":4},"end":{"line":83,"column":6}},"43":{"start":{"line":82,"column":6},"end":{"line":82,"column":34}},"44":{"start":{"line":87,"column":19},"end":{"line":113,"column":null}},"45":{"start":{"line":89,"column":6},"end":{"line":111,"column":7}},"46":{"start":{"line":90,"column":8},"end":{"line":90,"column":29}},"47":{"start":{"line":91,"column":8},"end":{"line":91,"column":23}},"48":{"start":{"line":93,"column":45},"end":{"line":96,"column":null}},"49":{"start":{"line":99,"column":8},"end":{"line":99,"column":43}},"50":{"start":{"line":99,"column":25},"end":{"line":99,"column":43}},"51":{"start":{"line":100,"column":8},"end":{"line":100,"column":67}},"52":{"start":{"line":100,"column":19},"end":{"line":100,"column":67}},"53":{"start":{"line":102,"column":8},"end":{"line":102,"column":52}},"54":{"start":{"line":103,"column":8},"end":{"line":103,"column":37}},"55":{"start":{"line":105,"column":8},"end":{"line":105,"column":47}},"56":{"start":{"line":106,"column":25},"end":{"line":106,"column":56}},"57":{"start":{"line":107,"column":8},"end":{"line":107,"column":27}},"58":{"start":{"line":108,"column":8},"end":{"line":108,"column":47}},"59":{"start":{"line":110,"column":8},"end":{"line":110,"column":30}},"60":{"start":{"line":117,"column":16},"end":{"line":139,"column":null}},"61":{"start":{"line":119,"column":6},"end":{"line":137,"column":7}},"62":{"start":{"line":120,"column":8},"end":{"line":120,"column":29}},"63":{"start":{"line":121,"column":8},"end":{"line":121,"column":23}},"64":{"start":{"line":123,"column":45},"end":{"line":123,"column":74}},"65":{"start":{"line":125,"column":8},"end":{"line":125,"column":43}},"66":{"start":{"line":125,"column":25},"end":{"line":125,"column":43}},"67":{"start":{"line":126,"column":8},"end":{"line":126,"column":66}},"68":{"start":{"line":126,"column":19},"end":{"line":126,"column":66}},"69":{"start":{"line":128,"column":8},"end":{"line":128,"column":52}},"70":{"start":{"line":129,"column":8},"end":{"line":129,"column":37}},"71":{"start":{"line":131,"column":8},"end":{"line":131,"column":47}},"72":{"start":{"line":132,"column":25},"end":{"line":132,"column":56}},"73":{"start":{"line":133,"column":8},"end":{"line":133,"column":27}},"74":{"start":{"line":134,"column":8},"end":{"line":134,"column":47}},"75":{"start":{"line":136,"column":8},"end":{"line":136,"column":30}},"76":{"start":{"line":143,"column":17},"end":{"line":162,"column":8}},"77":{"start":{"line":144,"column":4},"end":{"line":161,"column":5}},"78":{"start":{"line":145,"column":6},"end":{"line":145,"column":25}},"79":{"start":{"line":146,"column":6},"end":{"line":146,"column":21}},"80":{"start":{"line":148,"column":38},"end":{"line":148,"column":53}},"81":{"start":{"line":150,"column":6},"end":{"line":150,"column":43}},"82":{"start":{"line":150,"column":24},"end":{"line":150,"column":43}},"83":{"start":{"line":152,"column":6},"end":{"line":152,"column":43}},"84":{"start":{"line":153,"column":6},"end":{"line":153,"column":29}},"85":{"start":{"line":155,"column":6},"end":{"line":155,"column":46}},"86":{"start":{"line":156,"column":23},"end":{"line":156,"column":55}},"87":{"start":{"line":157,"column":6},"end":{"line":157,"column":25}},"88":{"start":{"line":158,"column":6},"end":{"line":158,"column":33}},"89":{"start":{"line":160,"column":6},"end":{"line":160,"column":26}},"90":{"start":{"line":164,"column":2},"end":{"line":184,"column":4}},"91":{"start":{"line":10,"column":13},"end":{"line":10,"column":23}},"92":{"start":{"line":187,"column":0},"end":{"line":187,"column":23}}},"fnMap":{"0":{"name":"(anonymous_9)","decl":{"start":{"line":10,"column":23},"end":{"line":10,"column":26}},"loc":{"start":{"line":10,"column":28},"end":{"line":185,"column":1}}},"1":{"name":"(anonymous_10)","decl":{"start":{"line":21,"column":12},"end":{"line":21,"column":15}},"loc":{"start":{"line":21,"column":17},"end":{"line":84,"column":3}}},"2":{"name":"(anonymous_11)","decl":{"start":{"line":22,"column":27},"end":{"line":22,"column":32}},"loc":{"start":{"line":22,"column":38},"end":{"line":53,"column":5}}},"3":{"name":"(anonymous_12)","decl":{"start":{"line":59,"column":6},"end":{"line":59,"column":11}},"loc":{"start":{"line":59,"column":34},"end":{"line":78,"column":7}}},"4":{"name":"(anonymous_13)","decl":{"start":{"line":81,"column":11},"end":{"line":81,"column":14}},"loc":{"start":{"line":81,"column":16},"end":{"line":83,"column":5}}},"5":{"name":"(anonymous_14)","decl":{"start":{"line":88,"column":4},"end":{"line":88,"column":9}},"loc":{"start":{"line":88,"column":71},"end":{"line":112,"column":5}}},"6":{"name":"(anonymous_15)","decl":{"start":{"line":118,"column":4},"end":{"line":118,"column":9}},"loc":{"start":{"line":118,"column":46},"end":{"line":138,"column":5}}},"7":{"name":"(anonymous_16)","decl":{"start":{"line":143,"column":29},"end":{"line":143,"column":34}},"loc":{"start":{"line":143,"column":40},"end":{"line":162,"column":3}}}},"branchMap":{"0":{"loc":{"start":{"line":30,"column":8},"end":{"line":30,"column":45}},"type":"if","locations":[{"start":{"line":30,"column":8},"end":{"line":30,"column":45}},{"start":{},"end":{}}]},"1":{"loc":{"start":{"line":35,"column":8},"end":{"line":46,"column":9}},"type":"if","locations":[{"start":{"line":35,"column":8},"end":{"line":46,"column":9}},{"start":{},"end":{}}]},"2":{"loc":{"start":{"line":41,"column":10},"end":{"line":45,"column":11}},"type":"if","locations":[{"start":{"line":41,"column":10},"end":{"line":45,"column":11}},{"start":{"line":43,"column":17},"end":{"line":45,"column":11}}]},"3":{"loc":{"start":{"line":64,"column":8},"end":{"line":77,"column":9}},"type":"if","locations":[{"start":{"line":64,"column":8},"end":{"line":77,"column":9}},{"start":{"line":73,"column":15},"end":{"line":77,"column":9}}]},"4":{"loc":{"start":{"line":68,"column":10},"end":{"line":72,"column":11}},"type":"if","locations":[{"start":{"line":68,"column":10},"end":{"line":72,"column":11}},{"start":{},"end":{}}]},"5":{"loc":{"start":{"line":99,"column":8},"end":{"line":99,"column":43}},"type":"if","locations":[{"start":{"line":99,"column":8},"end":{"line":99,"column":43}},{"start":{},"end":{}}]},"6":{"loc":{"start":{"line":100,"column":8},"end":{"line":100,"column":67}},"type":"if","locations":[{"start":{"line":100,"column":8},"end":{"line":100,"column":67}},{"start":{},"end":{}}]},"7":{"loc":{"start":{"line":106,"column":25},"end":{"line":106,"column":56}},"type":"binary-expr","locations":[{"start":{"line":106,"column":25},"end":{"line":106,"column":36}},{"start":{"line":106,"column":40},"end":{"line":106,"column":56}}]},"8":{"loc":{"start":{"line":125,"column":8},"end":{"line":125,"column":43}},"type":"if","locations":[{"start":{"line":125,"column":8},"end":{"line":125,"column":43}},{"start":{},"end":{}}]},"9":{"loc":{"start":{"line":126,"column":8},"end":{"line":126,"column":66}},"type":"if","locations":[{"start":{"line":126,"column":8},"end":{"line":126,"column":66}},{"start":{},"end":{}}]},"10":{"loc":{"start":{"line":132,"column":25},"end":{"line":132,"
[...]
line":26,"column":5}},"2":{"start":{"line":25,"column":6},"end":{"line":25,"column":66}},"3":{"start":{"line":27,"column":4},"end":{"line":27,"column":29}},"4":{"start":{"line":34,"column":23},"end":{"line":34,"column":51}},"5":{"start":{"line":35,"column":4},"end":{"line":37,"column":5}},"6":{"start":{"line":36,"column":6},"end":{"line":36,"column":64}},"7":{"start":{"line":38,"column":4},"end":{"line":38,"column":29}},"8":{"start":{"line":50,"column":4},"end":{"line":52,"column":5}},"9":{"start":{"line":51,"column":6},"end":{"line":51,"column":94}},"10":{"start":{"line":53,"column":4},"end":{"line":55,"column":5}},"11":{"start":{"line":54,"column":6},"end":{"line":54,"column":86}},"12":{"start":{"line":56,"column":4},"end":{"line":58,"column":5}},"13":{"start":{"line":57,"column":6},"end":{"line":57,"column":86}},"14":{"start":{"line":59,"column":4},"end":{"line":61,"column":5}},"15":{"start":{"line":60,"column":6},"end":{"line":60,"column":83}},"16":{"start":{"line":62,"column":4},"end":{"line":64,"column":5}},"17":{"start":{"line":63,"column":6},"end":{"line":63,"column":93}},"18":{"start":{"line":65,"column":4},"end":{"line":65,"column":29}},"19":{"start":{"line":72,"column":4},"end":{"line":74,"column":5}},"20":{"start":{"line":73,"column":6},"end":{"line":73,"column":96}},"21":{"start":{"line":75,"column":4},"end":{"line":75,"column":29}},"22":{"start":{"line":82,"column":4},"end":{"line":84,"column":5}},"23":{"start":{"line":83,"column":6},"end":{"line":83,"column":94}},"24":{"start":{"line":85,"column":4},"end":{"line":85,"column":29}},"25":{"start":{"line":92,"column":22},"end":{"line":92,"column":48}},"26":{"start":{"line":93,"column":4},"end":{"line":98,"column":5}},"27":{"start":{"line":94,"column":6},"end":{"line":97,"column":8}},"28":{"start":{"line":99,"column":4},"end":{"line":99,"column":29}},"29":{"start":{"line":106,"column":23},"end":{"line":106,"column":91}},"30":{"start":{"line":107,"column":4},"end":{"line":109,"column":5}},"31":{"start":{"line":108,"column":6},"end":{"line":108,"column":68}},"32":{"start":{"line":110,"column":4},"end":{"line":110,"column":29}},"33":{"start":{"line":117,"column":16},"end":{"line":117,"column":29}},"34":{"start":{"line":118,"column":4},"end":{"line":120,"column":5}},"35":{"start":{"line":119,"column":6},"end":{"line":119,"column":62}},"36":{"start":{"line":121,"column":4},"end":{"line":123,"column":5}},"37":{"start":{"line":122,"column":6},"end":{"line":122,"column":62}},"38":{"start":{"line":124,"column":4},"end":{"line":126,"column":5}},"39":{"start":{"line":125,"column":6},"end":{"line":125,"column":62}},"40":{"start":{"line":127,"column":4},"end":{"line":127,"column":29}},"41":{"start":{"line":134,"column":4},"end":{"line":136,"column":5}},"42":{"start":{"line":135,"column":6},"end":{"line":135,"column":73}},"43":{"start":{"line":137,"column":4},"end":{"line":137,"column":29}},"44":{"start":{"line":144,"column":17},"end":{"line":144,"column":37}},"45":{"start":{"line":145,"column":16},"end":{"line":145,"column":26}},"46":{"start":{"line":146,"column":4},"end":{"line":148,"column":5}},"47":{"start":{"line":147,"column":6},"end":{"line":147,"column":63}},"48":{"start":{"line":149,"column":4},"end":{"line":151,"column":5}},"49":{"start":{"line":150,"column":6},"end":{"line":150,"column":74}},"50":{"start":{"line":152,"column":4},"end":{"line":152,"column":29}},"51":{"start":{"line":159,"column":4},"end":{"line":164,"column":5}},"52":{"start":{"line":160,"column":6},"end":{"line":160,"column":19}},"53":{"start":{"line":161,"column":6},"end":{"line":161,"column":31}},"54":{"start":{"line":163,"column":6},"end":{"line":163,"column":55}},"55":{"start":{"line":171,"column":4},"end":{"line":175,"column":5}},"56":{"start":{"line":172,"column":6},"end":{"line":174,"column":7}},"57":{"start":{"line":173,"column":8},"end":{"line":173,"column":22}},"58":{"start":{"line":176,"column":4},"end":{"line":176,"column":29}},"59":{"start":{"line":184,"column":13},"end":{"line":256,"column":2}},"60":{"start":{"line":189,"column":4},"end":{"line":193,"column":27}},"61":{"start":{"line":200,"column":4},"end":{"line":200,"column":52}},"62":{"start":{"line":207,"column":4},"end":{"line":210,"column":20}},"63":{"start":{"line":217,"column":4},"end":{"line":217,"column":60}},"64":{"start":{"line":224,"column":4},"end":{"line":224,"column":39}},"65":{"start":{"line":231,"column":4},"end":{"line":235,"column":27}},"66":{"start":{"line":248,"column":4},"end":{"line":254,"column":6}},"67":{"start":{"line":262,"column":13},"end":{"line":327,"column":2}},"68":{"start":{"line":264,"column":30},"end":{"line":266,"column":null}},"69":{"start":{"line":268,"column":33},"end":{"line":270,"column":null}},"70":{"start":{"line":272,"column":31},"end":{"line":276,"column":null}},"71":{"start":{"line":278,"column":28},"end":{"line":282,"column":null}},"72":{"start":{"line":287,"column":31},"end":{"line":289,"column":null}},"73":{"start":{"line":291,"column":28},"end":{"line":292,"column":null}},"74":{"start":{"line":297,"column":29},"end":{"line":297,"column":53}},"75":{"start":{"line":298,"column":36},"end":{"line":299,"column":null}},"76":{"start":{"line":304,"column":28},"end":{"line":306,"column":null}},"77":{"start":{"line":308,"column":29},"end":{"line":310,"column":null}},"78":{"start":{"line":312,"column":35},"end":{"line":314,"column":null}},"79":{"start":{"line":319,"column":30},"end":{"line":321,"column":null}},"80":{"start":{"line":323,"column":36},"end":{"line":324,"column":null}},"81":{"start":{"line":332,"column":23},"end":{"line":334,"column":1}},"82":{"start":{"line":333,"column":2},"end":{"line":333,"column":33}},"83":{"start":{"line":332,"column":13},"end":{"line":332,"column":23}},"84":{"start":{"line":336,"column":24},"end":{"line":338,"column":1}},"85":{"start":{"line":337,"column":2},"end":{"line":337,"column":46}},"86":{"start":{"line":336,"column":13},"end":{"line":336,"column":24}}},"fnMap":{"0":{"name":"(anonymous_0)","decl":{"start":{"line":23,"column":12},"end":{"line":23,"column":13}},"loc":{"start":{"line":23,"column":99},"end":{"line":28,"column":3}}},"1":{"name":"(anonymous_1)","decl":{"start":{"line":33,"column":9},"end":{"line":33,"column":10}},"loc":{"start":{"line":33,"column":45},"end":{"line":39,"column":3}}},"2":{"name":"(anonymous_2)","decl":{"start":{"line":49,"column":12},"end":{"line":49,"column":13}},"loc":{"start":{"line":49,"column":51},"end":{"line":66,"column":3}}},"3":{"name":"(anonymous_3)","decl":{"start":{"line":71,"column":13},"end":{"line":71,"column":14}},"loc":{"start":{"line":71,"column":94},"end":{"line":76,"column":3}}},"4":{"name":"(anonymous_4)","decl":{"start":{"line":81,"column":13},"end":{"line":81,"column":14}},"loc":{"start":{"line":81,"column":94},"end":{"line":86,"column":3}}},"5":{"name":"(anonymous_5)","decl":{"start":{"line":91,"column":14},"end":{"line":91,"column":15}},"loc":{"start":{"line":91,"column":81},"end":{"line":100,"column":3}}},"6":{"name":"(anonymous_6)","decl":{"start":{"line":105,"column":9},"end":{"line":105,"column":10}},"loc":{"start":{"line":105,"column":45},"end":{"line":111,"column":3}}},"7":{"name":"(anonymous_7)","decl":{"start":{"line":116,"column":10},"end":{"line":116,"column":11}},"loc":{"start":{"line":116,"column":74},"end":{"line":128,"column":3}}},"8":{"name":"(anonymous_8)","decl":{"start":{"line":133,"column":10},"end":{"line":133,"column":11}},"loc":{"start":{"line":133,"column":46},"end":{"line":138,"column":3}}},"9":{"name":"(anonymous_9)","decl":{"start":{"line":143,"column":14},"end":{"line":143,"column":15}},"loc":{"start":{"line":143,"column":55},"end":{"line":153,"column":3}}},"10":{"name":"(anonymous_10)","decl":{"start":{"line":158,"column":7},"end":{"line":158,"column":8}},"loc":{"start":{"line":158,"column":41},"end":{"line":165,"column":3}}},"11":{"name":"(anonymous_11)","decl":{"start":{"line":170,"column":11},"end":{"line":170,"column":12}},"loc":{"start":{"line":170,"column":67},"end":{"line":177,"column":3}}},"12":{"name":"(anonymous_12)","decl":{"start":{"line":188,"column":8},"end":{"line":188,"column":9}},"loc":{"start":{"line":188,"column":59},"end":{"line":194,"column":3}}},"13":{"name":"(anonymous_13)","decl":{"start":{"line":199,"column":9},"end":{"line":199,"column":10}},"loc":{"start":{"line":199,"column":35},"end":{"line":201,"column":3}}},"14":{"name":"(anonymous_14)","decl":{"start":{"line":206,"column":8},"end":{"line":206,"column":9}},"loc":{"start":{"line":206,"column":34},"end":{"line":211,"column":3}}},"15":{"name":"(anonymous_15)","decl":{"start":{"line":216,"column":9},"end":{"line":216,"column":10}},"loc":{"start":{"line":216,"column":35},"end":{"line":218,"column":3}}},"16":{"name":"(anonymous_16)","decl":{"start":{"line":223,"column":7},"end":{"line":223,"column":8}},"loc":{"start":{"line":223,"column":33},"end":{"line":225,"column":3}}},"17":{"name":"(anonymous_17)","decl":{"start":{"line":230,"column":7},"end":{"line":230,"column":8}},"loc":{"start":{"line":230,"column":59},"end":{"line":236,"column":3}}},"18":{"name":"(anonymous_18)","decl":{"start":{"line":241,"column":8},"end":{"line":241,"column":9}},"loc":{"start":{"line":247,"column":7},"end":{"line":255,"column":3}}},"19":{"name":"(anonymous_19)","decl":{"start":{"line":264,"column":11},"end":{"line":264,"column":12}},"loc":{"start":{"line":264,"column":30},"end":{"line":266,"column":null}}},"20":{"name":"(anonymous_20)","decl":{"start":{"line":268,"column":14},"end":{"line":268,"column":15}},"loc":{"start":{"line":268,"column":33},"end":{"line":270,"column":null}}},"21":{"name":"(anonymous_21)","decl":{"start":{"line":272,"column":12},"end":{"line":272,"column":13}},"loc":{"start":{"line":272,"column":31},"end":{"line":276,"column":null}}},"22":{"name":"(anonymous_22)","decl":{"start":{"line":278,"column":9},"end":{"line":278,"column":10}},"loc":{"start":{"line":278,"column":28},"end":{"line":282,"column":null}}},"23":{"name":"(anonymous_23)","decl":{"start":{"line":287,"column":12},"end":{"line":287,"column":13}},"loc":{"start":{"line":287,"column":31},"end":{"line":289,"column":null}}},"24":{"name":"(anonymous_24)","decl":{"start":{"line":291,"column":9},"end":{"line":291,"column":10}},"loc":{"start":{"line":291,"column":28},"end":{"line":292,"column":null}}},"25":{"name":"(anonymous_25)","decl":{"start":{"line":297,"column":10},"end":{"line":297,"column":11}},"loc":{"start":{"line":297,"column":29},"end":{"line":297,"column":53}}},"26":{"name":"(anonymous_26)","decl":{"start":{"line":298,"column":17},"end":{"line":298,"column":18}},"loc":{"start":{"line":298,"column":36},"end":{"line":299,"column":null}}},"27":{"name":"(anonymous_27)","decl":{"start":{"line":304,"column":9},"end":{"line":304,"column":10}},"loc":{"start":{"line":304,"column":28},"end":{"line":306,"column":null}}},"28":{"name":"(anonymous_28)","decl":{"start":{"line":308,"column":10},"end":{"line":308,"column":11}},"loc":{"start":{"line":308,"column":29},"end":{"line":310,"column":null}}},"29":{"name":"(anonymous_29)","decl":{"start":{"line":312,"column":16},"end":{"line":312,"column":17}},"loc":{"start":{"line":312,"column":35},"end":{"line":314,"column":null}}},"30":{"name":"(anonymous_30)","decl":{"start":{"line":319,"column":11},"end":{"line":319,"column":12}},"loc":{"start":{"line":319,"column":30},"end":{"line":321,"column":null}}},"31":{"name":"(anonymous_31)","decl":{"start":{"line":323,"column":17},"end":{"line":323,"column":18}},"loc":{"start":{"line":323,"column":36},"end":{"line":324,"column":null}}},"32":{"name":"(anonymous_32)","decl":{"start":{"line":332,"column":23},"end":{"line":332,"column":24}},"loc":{"start":{"line":332,"column":81},"end":{"line":334,"column":1}}},"33":{"name":"(anonymous_33)","decl":{"start":{"line":336,"column":24},"end":{"line":336,"column":25}},"loc":{"start":{"line":336,"column":68},"end":{"line":338,"column":1}}}},"branchMap":{"0":{"loc":{"start":{"line":23,"column":47},"end":{"line":23,"column":77}},"type":"default-arg","locations":[{"start":{"line":23,"column":67},"end":{"line":23,"column":77}}]},"1":{"loc":{"start":{"line":24,"column":4},"end":{"line":26,"column":5}},"type":"if","locations":[{"start":{"line":24,"column":4},"end":{"line":26,"column":5}},{"start":{},"end":{}}]},"2":{"loc":{"start":{"line":24,"column":8},"end":{"line":24,"column":43}},"type":"binary-expr","locations":[{"start":{"line":24,"column":8},"end":{"line":24,"column":14}},{"start":{"line":24,"column":18},"end":{"line":24,"column":43}}]},"3":{"loc":{"start":{"line":35,"column":4},"end":{"line":37,"column":5}},"type":"if","locations":[{"start":{"line":35,"column":4},"end":{"line":37,"column":5}},{"start":{},"end":{}}]},"4":{"loc":{"start":{"line":50,"column":4},"end":{"line":52,"column":5}},"type":"if","locations":[{"start":{"line":50,"column":4},"end":{"line":52,"column":5}},{"start":{},"end":{}}]},"5":{"loc":{"start":{"line":53,"column":4},"end":{"line":55,"column":5}},"type":"if","locations":[{"start":{"line":53,"column":4},"end":{"line":55,"column":5}},{"start":{},"end":{}}]},"6":{"loc":{"start":{"line":56,"column":4},"end":{"line":58,"column":5}},"type":"if","locations":[{"start":{"line":56,"column":4},"end":{"line":58,"column":5}},{"start":{},"end":{}}]},"7":{"loc":{"start":{"line":59,"column":4},"end":{"line":61,"column":5}},"type":"if","locations":[{"start":{"line":59,"column":4},"end":{"line":61,"column":5}},{"start":{},"end":{}}]},"8":{"loc":{"start":{"line":62,"column":4},"end":{"line":64,"column":5}},"type":"if","locations":[{"start":{"line":62,"column":4},"end":{"line":64,"column":5}},{"start":{},"end":{}}]},"9":{"loc":{"start":{"line":71,"column":42},"end":{"line":71,"column":72}},"type":"default-arg","locations":[{"start":{"line":71,"column":62},"end":{"line":71,"column":72}}]},"10":{"loc":{"start":{"line":72,"column":4},"end":{"line":74,"column":5}},"type":"if","locations":[{"start":{"line":72,"column":4},"end":{"line":74,"column":5}},{"start":{},"end":{}}]},"11":{"loc":{"start":{"line":81,"column":42},"end":{"line":81,"column":72}},"type":"default-arg","locations":[{"start":{"line":81,"column":62},"end":{"line":81,"column":72}}]},"12":{"loc":{"start":{"line":82,"column":4},"end":{"line":84,"column":5}},"type":"if","locations":[{"start":{"line":82,"column":4},"end":{"line":84,"column":5}},{"start":{},"end":{}}]},"13":{"loc":{"start":{"line":91,"column":29},"end":{"line":91,"column":59}},"type":"default-arg","locations":[{"start":{"line":91,"column":49},"end":{"line":91,"column":59}}]},"14":{"loc":{"start":{"line":93,"column":4},"end":{"line":98,"column":5}},"type":"if","locations":[{"start":{"line":93,"column":4},"end":{"line":98,"column":5}},{"start":{},"end":{}}]},"15":{"loc":{"start":{"line":107,"column":4},"end":{"line":109,"column":5}},"type":"if","locations":[{"start":{"line":107,"column":4},"end":{"line":109,"column":5}},{"start":{},"end":{}}]},"16":{"loc":{"start":{"line":118,"column":4},"end":{"line":120,"column":5}},"type":"if","locations":[{"start":{"line":118,"column":4},"end":{"line":120,"column":5}},{"start":{},"end":{}}]},"17":{"loc":{"start":{"line":121,"column":4},"end":{"line":123,"column":5}},"type":"if","locations":[{"start":{"line":121,"column":4},"end":{"line":123,"column":5}},{"start":{},"end":{}}]},"18":{"loc":{"start":{"line":121,"column":8},"end":{"line":121,"column":38}},"type":"binary-expr","locations":[{"start":{"line":121,"column":8},"end":{"line":121,"column":25}},{"start":{"line":121,"column":29},"end":{"line":121,"column":38}}]},"19":{"loc":{"start":{"line":124,"column":4},"end":{"line":126,"column":5}},"type":"if","locations":[{"start":{"line":124,"column":4},"end":{"line":126,"column":5}},{"start":{},"end":{}}]},"20":{"loc":{"start":{"line":124,"column":8},"end":{"line":124,"column":38}},"type":"binary-expr","locations":[{"start":{"line":124,"column":8},"end":{"line":124,"column":25}},{"start":{"line":124,"column":29},"end":{"line":124,"column":38}}]},"21":{"loc":{"start":{"line":134,"column":4},"end":{"line":136,"column":5}},"type":"if","locations":[{"start":{"line":134,"column":4},"end":{"line":136,"column":5}},{"start":{},"end":{}}]},"22":{"loc":{"start":{"line":134,"column":8},"end":{"line":134,"column":58}},"type":"binary-expr","locations":[{"start":{"line":134,"column":8},"end":{"line":134,"column":32}},{"start":{"line":134,"column":36},"end":{"line":134,"column":45}},{"start":{"line":134,"column":49},"end":{"line":134,"column":58}}]},"23":{"loc":{"start":{"line":146,"column":4},"end":{"line":148,"column":5}},"type":"if","locations":[{"start":{"line":146,"column":4},"end":{"line":148,"column":5}},{"start":{},"end":{}}]},"24":{"loc":{"start":{"line":149,"column":4},"end":{"line":151,"column":5}},"type":"if","locations":[{"start":{"line":149,"column":4},"end":{"line":151,"column":5}},{"start":{},"end":{}}]},"25":{"loc":{"start":{"line":172,"column":6},"end":{"line":174,"column":7}},"type":"if","locations":[{"start":{"line":172,"column":6},"end":{"line":174,"column":7}},{"start":{},"end":{}}]},"26":{"loc":{"start":{"line":188,"column":24},"end":{"line":188,"column":47}},"type":"default-arg","locations":[{"start":{"line":188,"column":44},"end":{"line":188,"column":47}}]},"27":{"loc":{"start":{"line":230,"column":23},"end":{"line":230,"column":47}},"type":"default-arg","locations":[{"start":{"line":230,"column":43},"end":{"line":230,"column":47}}]},"28":{"loc":{"start":{"line":249,"column":14},"end":{"line":249,"column":68}},"type":"cond-expr","locations":[{"start":{"line":249,"column":29},"end":{"line":249,"column":56}},{"start":{"line":249,"column":59},"end":{"line":249,"column":68}}]},"29":{"loc":{"start":{"line":250,"column":11},"end":{"line":250,"column":59}},"type":"cond-expr","locations":[{"start":{"line":250,"column":23},"end":{"line":250,"column":47}},{"start":{"line":250,"column":50},"end":{"line":250,"column":59}}]},"30":{"loc":{"start":{"line":251,"column":13},"end":{"line":251,"column":66}},"type":"cond-expr","locations":[{"start":{"line":251,"column":27},"end":{"line":251,"column":54}},{"start":{"line":251,"column":57},"end":{"line":251,"column":66}}]},"31":{"loc":{"start":{"line":252,"column":11},"end":{"line":252,"column":58}},"type":"cond-expr","locations":[{"start":{"line":252,"column":23},"end":{"line":252,"column":46}},{"start":{"line":252,"column":49},"end":{"line":252,"column":58}}]},"32":{"loc":{"start":{"line":253,"column":14},"end":{"line":253,"column":73}},"type":"cond-expr","locations":[{"start":{"line":253,"column":29},"end":{"line":253,"column":61}},{"start":{"line":253,"column":64},"end":{"line":253,"column":73}}]},"33":{"loc":{"start":{"line":337,"column":9},"end":{"line":337,"column":45}},"type":"cond-expr","locations":[{"start":{"line":337,"column":26},"end":{"line":337,"column":30}},{"start":{"line":337,"column":33},"end":{"line":337,"column":45}}]}},"s":{"0":0,"1":0,"2":0,"3":0,"4":0,"5":0,"6":0,"7":0,"8":0,"9":0,"10":0,"11":0,"12":0,"13":0,"14":0,"15":0,"16":0,"17":0,"18":0,"19":0,"20":0,"21":0,"22":0,"23":0,"24":0,"25":0,"26":0,"27":0,"28":0,"29":0,"30":0,"31":0,"32":0,"33":0,"34":0,"35":0,"36":0,"37":0,"38":0,"39":0,"40":0,"41":0,"42":0,"43":0,"44":0,"45":0,"46":0,"47":0,"48":0,"49":0,"50":0,"51":0,"52":0,"53":0,"54":0,"55":0,"56":0,"57":0,"58":0,"59":0,"60":0,"61":0,"62":0,"63":0,"64":0,"65":0,"66":0,"67":0,"68":0,"69":0,"70":0,"71":0,"72":0,"73":0,"74":0,"75":0,"76":0,"77":0,"78":0,"79":0,"80":0,"81":0,"82":0,"83":0,"84":0,"85":0,"86":0},"f":{"0":0,"1":0,"2":0,"3":0,"4":0,"5":0,"6":0,"7":0,"8":0,"9":0,"10":0,"11":0,"12":0,"13":0,"14":0,"15":0,"16":0,"17":0,"18":0,"19":0,"20":0,"21":0,"22":0,"23":0,"24":0,"25":0,"26":0,"27":0,"28":0,"29":0,"30":0,"31":0,"32":0,"33":0},"b":{"0":[0],"1":[0,0],"2":[0,0],"3":[0,0],"4":[0,0],"5":[0,0],"6":[0,0],"7":[0,0],"8":[0,0],"9":[0],"10":[0,0],"11":[0],"12":[0,0],"13":[0],"14":[0,0],"15":[0,0],"16":[0,0],"17":[0,0],"18":[0,0],"19":[0,0],"20":[0,0],"21":[0,0],"22":[0,0,0],"23":[0,0],"24":[0,0],"25":[0,0],"26":[0],"27":[0],"28":[0,0],"29":[0,0],"30":[0,0],"31":[0,0],"32":[0,0],"33":[0,0]}}
}
