TN:
SF:components/AuthGuard.tsx
FN:11,AuthGuard
FN:15,(anonymous_10)
FNF:2
FNH:0
FNDA:0,AuthGuard
FNDA:0,(anonymous_10)
DA:1,0
DA:2,0
DA:3,0
DA:4,0
DA:5,0
DA:11,0
DA:12,0
DA:13,0
DA:15,0
DA:16,0
DA:17,0
DA:19,0
DA:25,0
DA:26,0
DA:34,0
DA:35,0
DA:38,0
DA:41,0
LF:18
LH:0
BRDA:16,0,0,0
BRDA:16,0,1,0
BRDA:17,1,0,0
BRDA:17,1,1,0
BRDA:25,2,0,0
BRDA:25,2,1,0
BRDA:34,3,0,0
BRDA:34,3,1,0
BRF:8
BRH:0
end_of_record
TN:
SF:components/AvisSection.tsx
FN:22,AvisSection
FN:30,(anonymous_10)
FN:47,(anonymous_11)
FN:63,(anonymous_12)
FN:76,(anonymous_13)
FN:78,(anonymous_14)
FN:82,(anonymous_15)
FN:85,(anonymous_16)
FN:98,(anonymous_17)
FN:101,(anonymous_18)
FN:125,(anonymous_19)
FN:155,AvisCard
FNF:12
FNH:0
FNDA:0,AvisSection
FNDA:0,(anonymous_10)
FNDA:0,(anonymous_11)
FNDA:0,(anonymous_12)
FNDA:0,(anonymous_13)
FNDA:0,(anonymous_14)
FNDA:0,(anonymous_15)
FNDA:0,(anonymous_16)
FNDA:0,(anonymous_17)
FNDA:0,(anonymous_18)
FNDA:0,(anonymous_19)
FNDA:0,AvisCard
DA:1,0
DA:2,0
DA:13,0
DA:14,0
DA:15,0
DA:16,0
DA:22,0
DA:23,0
DA:24,0
DA:25,0
DA:26,0
DA:27,0
DA:28,0
DA:30,0
DA:31,0
DA:33,0
DA:34,0
DA:35,0
DA:36,0
DA:37,0
DA:38,0
DA:39,0
DA:42,0
DA:46,0
DA:47,0
DA:49,0
DA:63,0
DA:76,0
DA:79,0
DA:82,0
DA:85,0
DA:99,0
DA:101,0
DA:125,0
DA:156,0
DA:184,0
LF:36
LH:0
BRDA:31,0,0,0
BRDA:31,0,1,0
BRDA:36,1,0,0
BRDA:36,1,1,0
BRDA:60,2,0,0
BRDA:60,2,1,0
BRDA:60,2,2,0
BRDA:69,3,0,0
BRDA:69,3,1,0
BRDA:71,4,0,0
BRDA:71,4,1,0
BRDA:105,5,0,0
BRDA:105,5,1,0
BRDA:131,6,0,0
BRDA:131,6,1,0
BRDA:135,7,0,0
BRDA:135,7,1,0
BRDA:171,8,0,0
BRDA:171,8,1,0
BRDA:175,9,0,0
BRDA:175,9,1,0
BRF:21
BRH:0
end_of_record
TN:
SF:components/CustomBottomBar.tsx
FN:41,CustomBottomBar
FN:49,(anonymous_2)
FN:54,(anonymous_3)
FN:59,(anonymous_4)
FN:66,(anonymous_5)
FN:74,(anonymous_6)
FN:78,(anonymous_7)
FNF:7
FNH:0
FNDA:0,CustomBottomBar
FNDA:0,(anonymous_2)
FNDA:0,(anonymous_3)
FNDA:0,(anonymous_4)
FNDA:0,(anonymous_5)
FNDA:0,(anonymous_6)
FNDA:0,(anonymous_7)
DA:1,0
DA:2,0
DA:3,0
DA:4,0
DA:5,0
DA:6,0
DA:15,0
DA:41,0
DA:42,0
DA:43,0
DA:44,0
DA:45,0
DA:47,0
DA:49,0
DA:50,0
DA:54,0
DA:55,0
DA:59,0
DA:60,0
DA:61,0
DA:62,0
DA:63,0
DA:66,0
DA:67,0
DA:68,0
DA:69,0
DA:72,0
DA:75,0
DA:78,0
DA:101,0
LF:30
LH:0
BRDA:47,0,0,0
BRDA:47,0,1,0
BRDA:50,1,0,0
BRDA:50,1,1,0
BRDA:55,2,0,0
BRDA:55,2,1,0
BRDA:55,2,2,0
BRDA:61,3,0,0
BRDA:61,3,1,0
BRDA:62,4,0,0
BRDA:62,4,1,0
BRDA:67,5,0,0
BRDA:67,5,1,0
BRDA:68,6,0,0
BRDA:68,6,1,0
BRDA:77,7,0,0
BRDA:77,7,1,0
BRDA:82,8,0,0
BRDA:82,8,1,0
BRDA:88,9,0,0
BRDA:88,9,1,0
BRDA:91,10,0,0
BRDA:91,10,1,0
BRDA:107,11,0,0
BRDA:107,11,1,0
BRDA:109,12,0,0
BRDA:109,12,1,0
BRF:27
BRH:0
end_of_record
TN:
SF:components/CustomTopBar.tsx
FN:18,CustomTopBar
FN:25,(anonymous_10)
FN:41,(anonymous_11)
FN:45,(anonymous_12)
FN:95,(anonymous_13)
FN:100,(anonymous_14)
FN:107,(anonymous_15)
FN:116,(anonymous_16)
FN:117,(anonymous_17)
FNF:9
FNH:0
FNDA:0,CustomTopBar
FNDA:0,(anonymous_10)
FNDA:0,(anonymous_11)
FNDA:0,(anonymous_12)
FNDA:0,(anonymous_13)
FNDA:0,(anonymous_14)
FNDA:0,(anonymous_15)
FNDA:0,(anonymous_16)
FNDA:0,(anonymous_17)
DA:1,0
DA:2,0
DA:12,0
DA:13,0
DA:14,0
DA:15,0
DA:16,0
DA:18,0
DA:19,0
DA:20,0
DA:21,0
DA:22,0
DA:25,0
DA:26,0
DA:28,0
DA:29,0
DA:31,0
DA:32,0
DA:34,0
DA:36,0
DA:39,0
DA:41,0
DA:42,0
DA:45,0
DA:46,0
DA:47,0
DA:48,0
DA:49,0
DA:51,0
DA:55,0
DA:95,0
DA:100,0
DA:107,0
DA:116,0
DA:118,0
DA:146,0
LF:36
LH:0
BRDA:26,0,0,0
BRDA:26,0,1,0
BRDA:28,1,0,0
BRDA:28,1,1,0
BRDA:29,2,0,0
BRDA:29,2,1,0
BRDA:34,3,0,0
BRDA:34,3,1,0
BRDA:34,4,0,0
BRDA:34,4,1,0
BRDA:46,5,0,0
BRDA:46,5,1,0
BRDA:48,6,0,0
BRDA:48,6,1,0
BRDA:69,7,0,0
BRDA:69,7,1,0
BRDA:72,8,0,0
BRDA:72,8,1,0
BRDA:113,9,0,0
BRDA:113,9,1,0
BRDA:113,10,0,0
BRDA:113,10,1,0
BRDA:126,11,0,0
BRDA:126,11,1,0
BRF:24
BRH:0
end_of_record
TN:
SF:components/DatePickerModal.tsx
FN:11,daysInMonth
FN:15,DatePickerModal
FN:28,(anonymous_11)
FN:29,(anonymous_12)
FN:31,confirm
FN:48,(anonymous_14)
FN:52,(anonymous_15)
FN:66,(anonymous_16)
FN:70,(anonymous_17)
FN:82,(anonymous_18)
FN:86,(anonymous_19)
FN:109,formatDate
FN:114,DateButton
FNF:13
FNH:0
FNDA:0,daysInMonth
FNDA:0,DatePickerModal
FNDA:0,(anonymous_11)
FNDA:0,(anonymous_12)
FNDA:0,confirm
FNDA:0,(anonymous_14)
FNDA:0,(anonymous_15)
FNDA:0,(anonymous_16)
FNDA:0,(anonymous_17)
FNDA:0,(anonymous_18)
FNDA:0,(anonymous_19)
FNDA:0,formatDate
FNDA:0,DateButton
DA:1,0
DA:2,0
DA:3,0
DA:4,0
DA:6,0
DA:12,0
DA:15,0
DA:22,0
DA:23,0
DA:24,0
DA:25,0
DA:27,0
DA:28,0
DA:29,0
DA:32,0
DA:33,0
DA:34,0
DA:37,0
DA:49,0
DA:52,0
DA:67,0
DA:70,0
DA:83,0
DA:86,0
DA:109,0
DA:110,0
DA:111,0
DA:114,0
DA:119,0
DA:120,0
DA:135,0
DA:154,0
LF:32
LH:0
BRDA:15,0,0,0
BRDA:22,1,0,0
BRDA:22,1,1,0
BRDA:32,2,0,0
BRDA:32,2,1,0
BRDA:51,3,0,0
BRDA:51,3,1,0
BRDA:54,4,0,0
BRDA:54,4,1,0
BRDA:69,5,0,0
BRDA:69,5,1,0
BRDA:72,6,0,0
BRDA:72,6,1,0
BRDA:85,7,0,0
BRDA:85,7,1,0
BRDA:88,8,0,0
BRDA:88,8,1,0
BRDA:110,9,0,0
BRDA:110,9,1,0
BRDA:122,10,0,0
BRDA:122,10,1,0
BRDA:127,11,0,0
BRDA:127,11,1,0
BRDA:128,12,0,0
BRDA:128,12,1,0
BRDA:130,13,0,0
BRDA:130,13,1,0
BRF:27
BRH:0
end_of_record
TN:
SF:components/ErrorBoundary.tsx
FN:32,(anonymous_10)
FN:42,(anonymous_11)
FN:49,(anonymous_12)
FN:84,(anonymous_13)
FN:93,(anonymous_14)
FN:103,(anonymous_15)
FNF:6
FNH:0
FNDA:0,(anonymous_10)
FNDA:0,(anonymous_11)
FNDA:0,(anonymous_12)
FNDA:0,(anonymous_13)
FNDA:0,(anonymous_14)
FNDA:0,(anonymous_15)
DA:1,0
DA:2,0
DA:10,0
DA:11,0
DA:12,0
DA:13,0
DA:31,0
DA:33,0
DA:34,0
DA:43,0
DA:51,0
DA:53,0
DA:59,0
DA:60,0
DA:74,0
DA:84,0
DA:85,0
DA:93,0
DA:94,0
DA:100,0
DA:104,0
DA:105,0
DA:186,0
DA:190,0
LF:24
LH:0
BRDA:59,0,0,0
BRDA:59,0,1,0
BRDA:104,1,0,0
BRDA:104,1,1,0
BRDA:126,2,0,0
BRDA:126,2,1,0
BRDA:136,3,0,0
BRDA:136,3,1,0
BRDA:136,3,2,0
BRF:9
BRH:0
end_of_record
TN:
SF:components/FormField.tsx
FN:135,(anonymous_9)
FN:166,(anonymous_10)
FN:188,(anonymous_11)
FN:215,(anonymous_12)
FN:222,(anonymous_13)
FNF:5
FNH:0
FNDA:0,(anonymous_9)
FNDA:0,(anonymous_10)
FNDA:0,(anonymous_11)
FNDA:0,(anonymous_12)
FNDA:0,(anonymous_13)
DA:9,0
DA:10,0
DA:21,0
DA:135,0
DA:159,0
DA:160,0
DA:165,0
DA:167,0
DA:170,0
DA:171,0
DA:172,0
DA:174,0
DA:177,0
DA:178,0
DA:179,0
DA:187,0
DA:189,0
DA:192,0
DA:193,0
DA:194,0
DA:195,0
DA:196,0
DA:197,0
DA:198,0
DA:202,0
DA:205,0
DA:206,0
DA:215,0
DA:216,0
DA:222,0
DA:223,0
DA:224,0
DA:225,0
DA:230,0
DA:231,0
DA:233,0
DA:294,0
DA:351,0
LF:38
LH:0
BRDA:142,0,0,0
BRDA:143,1,0,0
BRDA:144,2,0,0
BRDA:145,3,0,0
BRDA:149,4,0,0
BRDA:150,5,0,0
BRDA:155,6,0,0
BRDA:156,7,0,0
BRDA:157,8,0,0
BRDA:170,9,0,0
BRDA:170,9,1,0
BRDA:170,10,0,0
BRDA:170,10,1,0
BRDA:172,11,0,0
BRDA:172,11,1,0
BRDA:192,12,0,0
BRDA:192,12,1,0
BRDA:193,13,0,0
BRDA:193,13,1,0
BRDA:193,14,0,0
BRDA:193,14,1,0
BRDA:194,15,0,0
BRDA:194,15,1,0
BRDA:195,16,0,0
BRDA:195,16,1,0
BRDA:196,17,0,0
BRDA:196,17,1,0
BRDA:197,18,0,0
BRDA:197,18,1,0
BRDA:198,19,0,0
BRDA:198,19,1,0
BRDA:198,20,0,0
BRDA:198,20,1,0
BRDA:205,21,0,0
BRDA:205,21,1,0
BRDA:205,22,0,0
BRDA:205,22,1,0
BRDA:224,23,0,0
BRDA:224,23,1,0
BRDA:224,24,0,0
BRDA:224,24,1,0
BRDA:230,25,0,0
BRDA:230,25,1,0
BRDA:231,26,0,0
BRDA:231,26,1,0
BRDA:260,27,0,0
BRDA:260,27,1,0
BRDA:260,28,0,0
BRDA:260,28,1,0
BRDA:261,29,0,0
BRDA:261,29,1,0
BRDA:269,30,0,0
BRDA:269,30,1,0
BRDA:300,31,0,0
BRDA:300,31,1,0
BRDA:302,32,0,0
BRDA:302,32,1,0
BRDA:302,32,2,0
BRDA:313,33,0,0
BRDA:313,33,1,0
BRDA:314,34,0,0
BRDA:314,34,1,0
BRDA:338,35,0,0
BRDA:338,35,1,0
BRDA:338,35,2,0
BRDA:341,36,0,0
BRDA:341,36,1,0
BRDA:341,36,2,0
BRDA:346,37,0,0
BRDA:346,37,1,0
BRDA:346,37,2,0
BRF:71
BRH:0
end_of_record
TN:
SF:components/PhotoAvatar.tsx
FN:19,PhotoAvatar
FN:29,confirm
FN:38,(anonymous_11)
FN:51,(anonymous_12)
FN:63,(anonymous_13)
FN:67,(anonymous_14)
FN:77,(anonymous_15)
FN:81,(anonymous_16)
FN:89,(anonymous_17)
FNF:9
FNH:0
FNDA:0,PhotoAvatar
FNDA:0,confirm
FNDA:0,(anonymous_11)
FNDA:0,(anonymous_12)
FNDA:0,(anonymous_13)
FNDA:0,(anonymous_14)
FNDA:0,(anonymous_15)
FNDA:0,(anonymous_16)
FNDA:0,(anonymous_17)
DA:1,0
DA:2,0
DA:3,0
DA:4,0
DA:6,0
DA:12,0
DA:19,0
DA:25,0
DA:26,0
DA:27,0
DA:30,0
DA:31,0
DA:34,0
DA:38,0
DA:51,0
DA:64,0
DA:67,0
DA:78,0
DA:81,0
DA:89,0
DA:104,0
LF:21
LH:0
BRDA:19,0,0,0
BRDA:26,1,0,0
BRDA:26,1,1,0
BRDA:27,2,0,0
BRDA:27,2,1,0
BRDA:38,3,0,0
BRDA:38,3,1,0
BRDA:39,4,0,0
BRDA:39,4,1,0
BRDA:42,5,0,0
BRDA:42,5,1,0
BRDA:49,6,0,0
BRDA:49,6,1,0
BRDA:66,7,0,0
BRDA:66,7,1,0
BRDA:69,8,0,0
BRDA:69,8,1,0
BRDA:80,9,0,0
BRDA:80,9,1,0
BRF:19
BRH:0
end_of_record
TN:
SF:components/PostCard.tsx
FN:26,PostCard
FN:43,(anonymous_10)
FN:63,(anonymous_11)
FN:68,(anonymous_12)
FN:71,(anonymous_13)
FN:105,(anonymous_14)
FN:145,(anonymous_15)
FN:163,(anonymous_16)
FN:168,(anonymous_17)
FN:193,(anonymous_18)
FN:217,CommentSection
FN:225,(anonymous_20)
FN:255,(anonymous_21)
FN:302,CommentItem
FN:323,(anonymous_23)
FN:328,(anonymous_24)
FN:331,(anonymous_25)
FNF:17
FNH:0
FNDA:0,PostCard
FNDA:0,(anonymous_10)
FNDA:0,(anonymous_11)
FNDA:0,(anonymous_12)
FNDA:0,(anonymous_13)
FNDA:0,(anonymous_14)
FNDA:0,(anonymous_15)
FNDA:0,(anonymous_16)
FNDA:0,(anonymous_17)
FNDA:0,(anonymous_18)
FNDA:0,CommentSection
FNDA:0,(anonymous_20)
FNDA:0,(anonymous_21)
FNDA:0,CommentItem
FNDA:0,(anonymous_23)
FNDA:0,(anonymous_24)
FNDA:0,(anonymous_25)
DA:1,0
DA:2,0
DA:13,0
DA:14,0
DA:15,0
DA:16,0
DA:26,0
DA:27,0
DA:28,0
DA:29,0
DA:30,0
DA:31,0
DA:32,0
DA:34,0
DA:35,0
DA:43,0
DA:44,0
DA:45,0
DA:46,0
DA:49,0
DA:54,0
DA:55,0
DA:57,0
DA:58,0
DA:59,0
DA:63,0
DA:64,0
DA:72,0
DA:73,0
DA:74,0
DA:76,0
DA:77,0
DA:85,0
DA:105,0
DA:145,0
DA:163,0
DA:168,0
DA:193,0
DA:218,0
DA:219,0
DA:220,0
DA:221,0
DA:222,0
DA:223,0
DA:225,0
DA:226,0
DA:227,0
DA:228,0
DA:231,0
DA:232,0
DA:233,0
DA:235,0
DA:236,0
DA:238,0
DA:242,0
DA:243,0
DA:250,0
DA:256,0
DA:313,0
DA:315,0
DA:323,0
DA:324,0
DA:332,0
DA:333,0
DA:334,0
DA:335,0
DA:342,0
DA:367,0
LF:68
LH:0
BRDA:44,0,0,0
BRDA:44,0,1,0
BRDA:44,1,0,0
BRDA:44,1,1,0
BRDA:54,2,0,0
BRDA:54,2,1,0
BRDA:73,3,0,0
BRDA:73,3,1,0
BRDA:101,4,0,0
BRDA:101,4,1,0
BRDA:114,5,0,0
BRDA:114,5,1,0
BRDA:148,6,0,0
BRDA:148,6,1,0
BRDA:154,7,0,0
BRDA:154,7,1,0
BRDA:198,8,0,0
BRDA:198,8,1,0
BRDA:202,9,0,0
BRDA:202,9,1,0
BRDA:226,10,0,0
BRDA:226,10,1,0
BRDA:235,11,0,0
BRDA:235,11,1,0
BRDA:242,12,0,0
BRDA:242,12,1,0
BRDA:253,13,0,0
BRDA:253,13,1,0
BRDA:273,14,0,0
BRDA:273,14,1,0
BRDA:285,15,0,0
BRDA:285,15,1,0
BRDA:289,16,0,0
BRDA:289,16,1,0
BRDA:335,17,0,0
BRDA:335,17,1,0
BRDA:352,18,0,0
BRDA:352,18,1,0
BRDA:354,19,0,0
BRDA:354,19,1,0
BRF:40
BRH:0
end_of_record
TN:
SF:hooks/useAuth.ts
FN:10,(anonymous_9)
FN:21,(anonymous_10)
FN:22,(anonymous_11)
FN:59,(anonymous_12)
FN:81,(anonymous_13)
FN:88,(anonymous_14)
FN:118,(anonymous_15)
FN:143,(anonymous_16)
FNF:8
FNH:0
FNDA:0,(anonymous_9)
FNDA:0,(anonymous_10)
FNDA:0,(anonymous_11)
FNDA:0,(anonymous_12)
FNDA:0,(anonymous_13)
FNDA:0,(anonymous_14)
FNDA:0,(anonymous_15)
FNDA:0,(anonymous_16)
DA:1,0
DA:2,0
DA:4,0
DA:10,0
DA:11,0
DA:12,0
DA:13,0
DA:14,0
DA:15,0
DA:16,0
DA:17,0
DA:18,0
DA:21,0
DA:22,0
DA:23,0
DA:24,0
DA:28,0
DA:30,0
DA:32,0
DA:35,0
DA:36,0
DA:39,0
DA:41,0
DA:42,0
DA:44,0
DA:48,0
DA:49,0
DA:51,0
DA:55,0
DA:58,0
DA:60,0
DA:62,0
DA:64,0
DA:65,0
DA:68,0
DA:69,0
DA:70,0
DA:71,0
DA:74,0
DA:75,0
DA:76,0
DA:81,0
DA:82,0
DA:87,0
DA:89,0
DA:90,0
DA:91,0
DA:93,0
DA:99,0
DA:100,0
DA:102,0
DA:103,0
DA:105,0
DA:106,0
DA:107,0
DA:108,0
DA:110,0
DA:117,0
DA:119,0
DA:120,0
DA:121,0
DA:123,0
DA:125,0
DA:126,0
DA:128,0
DA:129,0
DA:131,0
DA:132,0
DA:133,0
DA:134,0
DA:136,0
DA:143,0
DA:144,0
DA:145,0
DA:146,0
DA:148,0
DA:150,0
DA:152,0
DA:153,0
DA:155,0
DA:156,0
DA:157,0
DA:158,0
DA:160,0
DA:164,0
DA:187,0
LF:86
LH:0
BRDA:30,0,0,0
BRDA:30,0,1,0
BRDA:35,1,0,0
BRDA:35,1,1,0
BRDA:41,2,0,0
BRDA:41,2,1,0
BRDA:64,3,0,0
BRDA:64,3,1,0
BRDA:68,4,0,0
BRDA:68,4,1,0
BRDA:99,5,0,0
BRDA:99,5,1,0
BRDA:100,6,0,0
BRDA:100,6,1,0
BRDA:106,7,0,0
BRDA:106,7,1,0
BRDA:125,8,0,0
BRDA:125,8,1,0
BRDA:126,9,0,0
BRDA:126,9,1,0
BRDA:132,10,0,0
BRDA:132,10,1,0
BRDA:150,11,0,0
BRDA:150,11,1,0
BRDA:156,12,0,0
BRDA:156,12,1,0
BRDA:175,13,0,0
BRDA:175,13,1,0
BRDA:175,13,2,0
BRF:29
BRH:0
end_of_record
TN:
SF:hooks/useAvis.ts
FN:16,(anonymous_1)
FN:25,(anonymous_2)
FN:32,(anonymous_3)
FN:64,(anonymous_4)
FN:66,(anonymous_5)
FN:67,(anonymous_6)
FN:69,(anonymous_7)
FN:77,(anonymous_8)
FN:77,(anonymous_9)
FN:83,(anonymous_10)
FN:89,(anonymous_11)
FN:113,(anonymous_12)
FN:134,(anonymous_13)
FN:151,(anonymous_14)
FNF:14
FNH:0
FNDA:0,(anonymous_1)
FNDA:0,(anonymous_2)
FNDA:0,(anonymous_3)
FNDA:0,(anonymous_4)
FNDA:0,(anonymous_5)
FNDA:0,(anonymous_6)
FNDA:0,(anonymous_7)
FNDA:0,(anonymous_8)
FNDA:0,(anonymous_9)
FNDA:0,(anonymous_10)
FNDA:0,(anonymous_11)
FNDA:0,(anonymous_12)
FNDA:0,(anonymous_13)
FNDA:0,(anonymous_14)
DA:1,0
DA:2,0
DA:3,0
DA:16,0
DA:17,0
DA:18,0
DA:19,0
DA:20,0
DA:22,0
DA:25,0
DA:26,0
DA:27,0
DA:28,0
DA:29,0
DA:32,0
DA:33,0
DA:34,0
DA:35,0
DA:41,0
DA:42,0
DA:44,0
DA:45,0
DA:47,0
DA:51,0
DA:54,0
DA:65,0
DA:66,0
DA:67,0
DA:68,0
DA:69,0
DA:71,0
DA:72,0
DA:74,0
DA:76,0
DA:77,0
DA:83,0
DA:84,0
DA:89,0
DA:90,0
DA:92,0
DA:93,0
DA:105,0
DA:106,0
DA:108,0
DA:113,0
DA:114,0
DA:115,0
DA:126,0
DA:127,0
DA:129,0
DA:134,0
DA:135,0
DA:136,0
DA:142,0
DA:143,0
DA:145,0
DA:150,0
DA:151,0
DA:154,0
LF:59
LH:0
BRDA:22,0,0,0
BRDA:22,0,1,0
BRDA:26,1,0,0
BRDA:26,1,1,0
BRDA:41,2,0,0
BRDA:41,2,1,0
BRDA:42,3,0,0
BRDA:42,3,1,0
BRDA:65,4,0,0
BRDA:65,4,1,0
BRDA:65,5,0,0
BRDA:65,5,1,0
BRDA:68,6,0,0
BRDA:68,6,1,0
BRDA:68,7,0,0
BRDA:68,7,1,0
BRDA:69,8,0,0
BRDA:69,8,1,0
BRDA:71,9,0,0
BRDA:71,9,1,0
BRDA:76,10,0,0
BRDA:76,10,1,0
BRDA:90,11,0,0
BRDA:90,11,1,0
BRDA:100,12,0,0
BRDA:100,12,1,0
BRDA:105,13,0,0
BRDA:105,13,1,0
BRDA:119,14,0,0
BRDA:119,14,1,0
BRDA:126,15,0,0
BRDA:126,15,1,0
BRDA:142,16,0,0
BRDA:142,16,1,0
BRDA:150,17,0,0
BRDA:150,17,1,0
BRF:36
BRH:0
end_of_record
TN:
SF:hooks/useFormValidation.ts
FN:47,(anonymous_0)
FN:64,(anonymous_1)
FN:73,(anonymous_2)
FN:84,(anonymous_3)
FN:90,(anonymous_4)
FN:113,(anonymous_5)
FN:129,(anonymous_6)
FN:130,(anonymous_7)
FN:133,(anonymous_8)
FN:138,(anonymous_9)
FN:150,(anonymous_10)
FN:151,(anonymous_11)
FN:157,(anonymous_12)
FN:166,(anonymous_13)
FN:191,(anonymous_14)
FN:203,(anonymous_15)
FN:204,(anonymous_16)
FN:207,(anonymous_17)
FN:208,(anonymous_18)
FN:234,(anonymous_19)
FNF:20
FNH:0
FNDA:0,(anonymous_0)
FNDA:0,(anonymous_1)
FNDA:0,(anonymous_2)
FNDA:0,(anonymous_3)
FNDA:0,(anonymous_4)
FNDA:0,(anonymous_5)
FNDA:0,(anonymous_6)
FNDA:0,(anonymous_7)
FNDA:0,(anonymous_8)
FNDA:0,(anonymous_9)
FNDA:0,(anonymous_10)
FNDA:0,(anonymous_11)
FNDA:0,(anonymous_12)
FNDA:0,(anonymous_13)
FNDA:0,(anonymous_14)
FNDA:0,(anonymous_15)
FNDA:0,(anonymous_16)
FNDA:0,(anonymous_17)
FNDA:0,(anonymous_18)
FNDA:0,(anonymous_19)
DA:8,0
DA:9,0
DA:47,0
DA:51,0
DA:52,0
DA:53,0
DA:54,0
DA:55,0
DA:56,0
DA:58,0
DA:63,0
DA:65,0
DA:73,0
DA:74,0
DA:75,0
DA:77,0
DA:78,0
DA:84,0
DA:85,0
DA:86,0
DA:88,0
DA:90,0
DA:91,0
DA:92,0
DA:93,0
DA:98,0
DA:99,0
DA:106,0
DA:107,0
DA:108,0
DA:109,0
DA:110,0
DA:111,0
DA:113,0
DA:117,0
DA:118,0
DA:119,0
DA:121,0
DA:128,0
DA:130,0
DA:133,0
DA:136,0
DA:137,0
DA:138,0
DA:150,0
DA:151,0
DA:157,0
DA:158,0
DA:159,0
DA:160,0
DA:166,0
DA:167,0
DA:168,0
DA:170,0
DA:171,0
DA:172,0
DA:173,0
DA:174,0
DA:179,0
DA:180,0
DA:181,0
DA:182,0
DA:186,0
DA:187,0
DA:190,0
DA:191,0
DA:196,0
DA:203,0
DA:204,0
DA:207,0
DA:208,0
DA:214,0
DA:234,0
DA:245,0
LF:74
LH:0
BRDA:49,0,0,0
BRDA:56,1,0,0
BRDA:75,2,0,0
BRDA:75,2,1,0
BRDA:78,3,0,0
BRDA:78,3,1,0
BRDA:92,4,0,0
BRDA:92,4,1,0
BRDA:98,5,0,0
BRDA:98,5,1,0
BRDA:98,6,0,0
BRDA:98,6,1,0
BRDA:106,7,0,0
BRDA:106,7,1,0
BRDA:109,8,0,0
BRDA:109,8,1,0
BRDA:111,9,0,0
BRDA:111,9,1,0
BRDA:136,10,0,0
BRDA:136,10,1,0
BRDA:170,11,0,0
BRDA:170,11,1,0
BRDA:172,12,0,0
BRDA:172,12,1,0
BRDA:180,13,0,0
BRDA:180,13,1,0
BRDA:186,14,0,0
BRDA:186,14,1,0
BRDA:193,15,0,0
BRDA:193,15,1,0
BRDA:236,16,0,0
BRDA:236,16,1,0
BRF:32
BRH:0
end_of_record
TN:
SF:hooks/useMutateData.ts
FN:10,(anonymous_1)
FN:15,(anonymous_2)
FN:44,(anonymous_3)
FN:77,(anonymous_4)
FN:105,(anonymous_5)
FNF:5
FNH:0
FNDA:0,(anonymous_1)
FNDA:0,(anonymous_2)
FNDA:0,(anonymous_3)
FNDA:0,(anonymous_4)
FNDA:0,(anonymous_5)
DA:1,0
DA:2,0
DA:10,0
DA:11,0
DA:12,0
DA:15,0
DA:16,0
DA:17,0
DA:18,0
DA:20,0
DA:26,0
DA:27,0
DA:28,0
DA:29,0
DA:32,0
DA:33,0
DA:35,0
DA:36,0
DA:37,0
DA:39,0
DA:44,0
DA:48,0
DA:49,0
DA:50,0
DA:52,0
DA:59,0
DA:60,0
DA:61,0
DA:62,0
DA:65,0
DA:66,0
DA:68,0
DA:69,0
DA:70,0
DA:72,0
DA:77,0
DA:78,0
DA:79,0
DA:80,0
DA:82,0
DA:87,0
DA:88,0
DA:89,0
DA:90,0
DA:93,0
DA:94,0
DA:96,0
DA:97,0
DA:98,0
DA:100,0
DA:105,0
DA:106,0
DA:107,0
DA:108,0
DA:110,0
DA:115,0
DA:116,0
DA:117,0
DA:118,0
DA:121,0
DA:122,0
DA:124,0
DA:125,0
DA:126,0
DA:128,0
DA:132,0
DA:142,0
LF:67
LH:0
BRDA:26,0,0,0
BRDA:26,0,1,0
BRDA:59,1,0,0
BRDA:59,1,1,0
BRDA:87,2,0,0
BRDA:87,2,1,0
BRDA:115,3,0,0
BRDA:115,3,1,0
BRF:8
BRH:0
end_of_record
TN:
SF:hooks/useNotifications.ts
FN:4,useNotifications
FN:8,(anonymous_1)
FN:9,(anonymous_2)
FNF:3
FNH:0
FNDA:0,useNotifications
FNDA:0,(anonymous_1)
FNDA:0,(anonymous_2)
DA:1,0
DA:2,0
DA:4,0
DA:5,0
DA:6,0
DA:8,0
DA:9,0
DA:10,0
DA:11,0
DA:14,0
DA:17,0
LF:11
LH:0
BRF:0
BRH:0
end_of_record
TN:
SF:hooks/usePosts.ts
FN:64,usePosts
FN:71,(anonymous_1)
FN:90,(anonymous_2)
FN:103,(anonymous_3)
FN:105,(anonymous_4)
FN:107,(anonymous_5)
FN:108,(anonymous_6)
FN:111,(anonymous_7)
FN:111,(anonymous_8)
FN:117,(anonymous_9)
FN:126,useComments
FN:133,(anonymous_11)
FN:153,(anonymous_12)
FN:169,(anonymous_13)
FN:171,(anonymous_14)
FN:173,(anonymous_15)
FN:174,(anonymous_16)
FN:177,(anonymous_17)
FN:177,(anonymous_18)
FN:183,(anonymous_19)
FN:192,usePostMutations
FN:199,(anonymous_21)
FN:240,(anonymous_22)
FN:264,(anonymous_23)
FN:282,useCommentMutations
FN:289,(anonymous_25)
FN:327,(anonymous_26)
FN:346,(anonymous_27)
FNF:28
FNH:0
FNDA:0,usePosts
FNDA:0,(anonymous_1)
FNDA:0,(anonymous_2)
FNDA:0,(anonymous_3)
FNDA:0,(anonymous_4)
FNDA:0,(anonymous_5)
FNDA:0,(anonymous_6)
FNDA:0,(anonymous_7)
FNDA:0,(anonymous_8)
FNDA:0,(anonymous_9)
FNDA:0,useComments
FNDA:0,(anonymous_11)
FNDA:0,(anonymous_12)
FNDA:0,(anonymous_13)
FNDA:0,(anonymous_14)
FNDA:0,(anonymous_15)
FNDA:0,(anonymous_16)
FNDA:0,(anonymous_17)
FNDA:0,(anonymous_18)
FNDA:0,(anonymous_19)
FNDA:0,usePostMutations
FNDA:0,(anonymous_21)
FNDA:0,(anonymous_22)
FNDA:0,(anonymous_23)
FNDA:0,useCommentMutations
FNDA:0,(anonymous_25)
FNDA:0,(anonymous_26)
FNDA:0,(anonymous_27)
DA:1,0
DA:2,0
DA:64,0
DA:65,0
DA:66,0
DA:67,0
DA:69,0
DA:71,0
DA:72,0
DA:73,0
DA:74,0
DA:79,0
DA:80,0
DA:81,0
DA:83,0
DA:84,0
DA:86,0
DA:90,0
DA:91,0
DA:94,0
DA:104,0
DA:105,0
DA:106,0
DA:107,0
DA:108,0
DA:110,0
DA:111,0
DA:117,0
DA:118,0
DA:122,0
DA:126,0
DA:127,0
DA:128,0
DA:129,0
DA:131,0
DA:133,0
DA:134,0
DA:135,0
DA:136,0
DA:142,0
DA:143,0
DA:144,0
DA:146,0
DA:147,0
DA:149,0
DA:153,0
DA:154,0
DA:156,0
DA:159,0
DA:170,0
DA:171,0
DA:172,0
DA:173,0
DA:174,0
DA:176,0
DA:177,0
DA:183,0
DA:184,0
DA:188,0
DA:192,0
DA:193,0
DA:194,0
DA:195,0
DA:197,0
DA:199,0
DA:200,0
DA:201,0
DA:202,0
DA:203,0
DA:205,0
DA:207,0
DA:213,0
DA:215,0
DA:231,0
DA:232,0
DA:234,0
DA:236,0
DA:240,0
DA:241,0
DA:242,0
DA:243,0
DA:255,0
DA:256,0
DA:258,0
DA:260,0
DA:264,0
DA:265,0
DA:266,0
DA:267,0
DA:269,0
DA:270,0
DA:272,0
DA:274,0
DA:278,0
DA:282,0
DA:283,0
DA:284,0
DA:285,0
DA:287,0
DA:289,0
DA:290,0
DA:291,0
DA:292,0
DA:293,0
DA:295,0
DA:297,0
DA:303,0
DA:305,0
DA:318,0
DA:319,0
DA:321,0
DA:323,0
DA:327,0
DA:328,0
DA:329,0
DA:339,0
DA:340,0
DA:342,0
DA:346,0
DA:347,0
DA:348,0
DA:349,0
DA:351,0
DA:352,0
DA:354,0
DA:356,0
DA:360,0
LF:127
LH:0
BRDA:79,0,0,0
BRDA:79,0,1,0
BRDA:80,1,0,0
BRDA:80,1,1,0
BRDA:83,2,0,0
BRDA:83,2,1,0
BRDA:104,3,0,0
BRDA:104,3,1,0
BRDA:106,4,0,0
BRDA:106,4,1,0
BRDA:108,5,0,0
BRDA:108,5,1,0
BRDA:110,6,0,0
BRDA:110,6,1,0
BRDA:142,7,0,0
BRDA:142,7,1,0
BRDA:143,8,0,0
BRDA:143,8,1,0
BRDA:146,9,0,0
BRDA:146,9,1,0
BRDA:154,10,0,0
BRDA:154,10,1,0
BRDA:170,11,0,0
BRDA:170,11,1,0
BRDA:172,12,0,0
BRDA:172,12,1,0
BRDA:174,13,0,0
BRDA:174,13,1,0
BRDA:176,14,0,0
BRDA:176,14,1,0
BRDA:205,15,0,0
BRDA:205,15,1,0
BRDA:213,16,0,0
BRDA:213,16,1,0
BRDA:231,17,0,0
BRDA:231,17,1,0
BRDA:234,18,0,0
BRDA:234,18,1,0
BRDA:255,19,0,0
BRDA:255,19,1,0
BRDA:258,20,0,0
BRDA:258,20,1,0
BRDA:269,21,0,0
BRDA:269,21,1,0
BRDA:272,22,0,0
BRDA:272,22,1,0
BRDA:295,23,0,0
BRDA:295,23,1,0
BRDA:303,24,0,0
BRDA:303,24,1,0
BRDA:318,25,0,0
BRDA:318,25,1,0
BRDA:321,26,0,0
BRDA:321,26,1,0
BRDA:339,27,0,0
BRDA:339,27,1,0
BRDA:342,28,0,0
BRDA:342,28,1,0
BRDA:351,29,0,0
BRDA:351,29,1,0
BRDA:354,30,0,0
BRDA:354,30,1,0
BRF:62
BRH:0
end_of_record
TN:
SF:hooks/useRateLimit.ts
FN:95,(anonymous_0)
FN:109,(anonymous_1)
FN:132,(anonymous_2)
FN:141,(anonymous_3)
FN:152,(anonymous_4)
FN:157,(anonymous_5)
FN:160,(anonymous_6)
FN:187,(anonymous_7)
FNF:8
FNH:0
FNDA:0,(anonymous_0)
FNDA:0,(anonymous_1)
FNDA:0,(anonymous_2)
FNDA:0,(anonymous_3)
FNDA:0,(anonymous_4)
FNDA:0,(anonymous_5)
FNDA:0,(anonymous_6)
FNDA:0,(anonymous_7)
DA:8,0
DA:95,0
DA:96,0
DA:98,0
DA:99,0
DA:100,0
DA:101,0
DA:102,0
DA:103,0
DA:104,0
DA:109,0
DA:110,0
DA:111,0
DA:112,0
DA:114,0
DA:115,0
DA:116,0
DA:117,0
DA:119,0
DA:120,0
DA:123,0
DA:125,0
DA:132,0
DA:133,0
DA:134,0
DA:141,0
DA:142,0
DA:143,0
DA:144,0
DA:145,0
DA:146,0
DA:152,0
DA:157,0
DA:158,0
DA:160,0
DA:161,0
DA:162,0
DA:163,0
DA:165,0
DA:167,0
DA:168,0
DA:169,0
DA:170,0
DA:173,0
DA:174,0
DA:175,0
DA:177,0
DA:178,0
DA:179,0
DA:180,0
DA:182,0
DA:187,0
DA:190,0
DA:205,0
LF:54
LH:0
BRDA:119,0,0,0
BRDA:119,0,1,0
BRDA:119,1,0,0
BRDA:119,1,1,0
BRDA:133,2,0,0
BRDA:133,2,1,0
BRDA:146,3,0,0
BRDA:146,3,1,0
BRDA:158,4,0,0
BRDA:158,4,1,0
BRDA:158,5,0,0
BRDA:158,5,1,0
BRDA:167,6,0,0
BRDA:167,6,1,0
BRDA:177,7,0,0
BRDA:177,7,1,0
BRDA:179,8,0,0
BRDA:179,8,1,0
BRF:18
BRH:0
end_of_record
TN:
SF:hooks/useSupabaseAuth.ts
FN:10,(anonymous_1)
FN:17,(anonymous_2)
FN:19,(anonymous_3)
FN:46,(anonymous_4)
FN:79,(anonymous_5)
FNF:5
FNH:0
FNDA:0,(anonymous_1)
FNDA:0,(anonymous_2)
FNDA:0,(anonymous_3)
FNDA:0,(anonymous_4)
FNDA:0,(anonymous_5)
DA:1,0
DA:2,0
DA:4,0
DA:10,0
DA:11,0
DA:12,0
DA:13,0
DA:14,0
DA:15,0
DA:17,0
DA:19,0
DA:20,0
DA:21,0
DA:22,0
DA:24,0
DA:25,0
DA:26,0
DA:27,0
DA:30,0
DA:31,0
DA:32,0
DA:35,0
DA:36,0
DA:38,0
DA:42,0
DA:45,0
DA:47,0
DA:49,0
DA:50,0
DA:51,0
DA:53,0
DA:57,0
DA:59,0
DA:61,0
DA:62,0
DA:64,0
DA:66,0
DA:67,0
DA:69,0
DA:70,0
DA:72,0
DA:73,0
DA:79,0
DA:80,0
DA:84,0
DA:93,0
LF:46
LH:0
BRDA:24,0,0,0
BRDA:24,0,1,0
BRDA:31,1,0,0
BRDA:31,1,1,0
BRDA:50,2,0,0
BRDA:50,2,1,0
BRDA:57,3,0,0
BRDA:57,3,1,0
BRDA:57,3,2,0
BRDA:57,3,3,0
BRF:10
BRH:0
end_of_record
TN:
SF:hooks/useSyncData.ts
FN:13,(anonymous_1)
FN:27,(anonymous_2)
FN:78,(anonymous_3)
FN:92,(anonymous_4)
FN:95,(anonymous_5)
FN:103,(anonymous_6)
FN:109,(anonymous_7)
FN:118,(anonymous_8)
FN:134,(anonymous_9)
FN:143,(anonymous_10)
FN:175,(anonymous_11)
FN:188,(anonymous_12)
FN:198,(anonymous_13)
FNF:13
FNH:0
FNDA:0,(anonymous_1)
FNDA:0,(anonymous_2)
FNDA:0,(anonymous_3)
FNDA:0,(anonymous_4)
FNDA:0,(anonymous_5)
FNDA:0,(anonymous_6)
FNDA:0,(anonymous_7)
FNDA:0,(anonymous_8)
FNDA:0,(anonymous_9)
FNDA:0,(anonymous_10)
FNDA:0,(anonymous_11)
FNDA:0,(anonymous_12)
FNDA:0,(anonymous_13)
DA:1,0
DA:2,0
DA:13,0
DA:22,0
DA:23,0
DA:24,0
DA:27,0
DA:28,0
DA:29,0
DA:30,0
DA:32,0
DA:37,0
DA:38,0
DA:39,0
DA:40,0
DA:41,0
DA:42,0
DA:43,0
DA:44,0
DA:49,0
DA:50,0
DA:56,0
DA:57,0
DA:60,0
DA:62,0
DA:63,0
DA:64,0
DA:65,0
DA:68,0
DA:70,0
DA:71,0
DA:73,0
DA:78,0
DA:80,0
DA:83,0
DA:93,0
DA:95,0
DA:96,0
DA:98,0
DA:100,0
DA:101,0
DA:103,0
DA:104,0
DA:105,0
DA:107,0
DA:109,0
DA:112,0
DA:118,0
DA:119,0
DA:123,0
DA:134,0
DA:139,0
DA:140,0
DA:141,0
DA:143,0
DA:144,0
DA:145,0
DA:146,0
DA:148,0
DA:153,0
DA:158,0
DA:160,0
DA:161,0
DA:162,0
DA:163,0
DA:166,0
DA:168,0
DA:169,0
DA:171,0
DA:175,0
DA:176,0
DA:178,0
DA:189,0
DA:190,0
DA:191,0
DA:192,0
DA:198,0
DA:199,0
DA:203,0
DA:206,0
LF:80
LH:0
BRDA:34,0,0,0
BRDA:34,0,1,0
BRDA:37,1,0,0
BRDA:37,1,1,0
BRDA:39,2,0,0
BRDA:39,2,1,0
BRDA:41,3,0,0
BRDA:41,3,1,0
BRDA:43,4,0,0
BRDA:43,4,1,0
BRDA:49,5,0,0
BRDA:49,5,1,0
BRDA:51,6,0,0
BRDA:51,6,1,0
BRDA:56,7,0,0
BRDA:56,7,1,0
BRDA:62,8,0,0
BRDA:62,8,1,0
BRDA:68,9,0,0
BRDA:68,9,1,0
BRDA:98,10,0,0
BRDA:98,10,1,0
BRDA:101,11,0,0
BRDA:101,11,1,0
BRDA:104,12,0,0
BRDA:104,12,1,0
BRDA:107,13,0,0
BRDA:107,13,1,0
BRDA:153,14,0,0
BRDA:153,14,1,0
BRDA:160,15,0,0
BRDA:160,15,1,0
BRDA:189,16,0,0
BRDA:189,16,1,0
BRDA:191,17,0,0
BRDA:191,17,1,0
BRF:36
BRH:0
end_of_record
TN:
SF:hooks/useUserRole.ts
FN:7,useUserRole
FN:10,(anonymous_1)
FN:12,(anonymous_2)
FNF:3
FNH:0
FNDA:0,useUserRole
FNDA:0,(anonymous_1)
FNDA:0,(anonymous_2)
DA:1,0
DA:2,0
DA:7,0
DA:8,0
DA:10,0
DA:12,0
DA:13,0
DA:14,0
DA:18,0
DA:21,0
LF:10
LH:0
BRF:0
BRH:0
end_of_record
TN:
SF:lib/errorHandler.ts
FN:8,(anonymous_9)
FN:20,(anonymous_10)
FN:27,(anonymous_11)
FN:34,(anonymous_12)
FN:41,(anonymous_13)
FN:48,(anonymous_14)
FN:81,(anonymous_15)
FN:101,(anonymous_16)
FN:145,(anonymous_17)
FN:190,(anonymous_18)
FN:223,(anonymous_19)
FN:233,(anonymous_20)
FN:243,(anonymous_21)
FN:259,(anonymous_22)
FN:284,(anonymous_23)
FN:314,(anonymous_24)
FN:317,(anonymous_25)
FNF:17
FNH:0
FNDA:0,(anonymous_9)
FNDA:0,(anonymous_10)
FNDA:0,(anonymous_11)
FNDA:0,(anonymous_12)
FNDA:0,(anonymous_13)
FNDA:0,(anonymous_14)
FNDA:0,(anonymous_15)
FNDA:0,(anonymous_16)
FNDA:0,(anonymous_17)
FNDA:0,(anonymous_18)
FNDA:0,(anonymous_19)
FNDA:0,(anonymous_20)
FNDA:0,(anonymous_21)
FNDA:0,(anonymous_22)
FNDA:0,(anonymous_23)
FNDA:0,(anonymous_24)
FNDA:0,(anonymous_25)
DA:1,0
DA:2,0
DA:7,0
DA:10,0
DA:11,0
DA:12,0
DA:14,0
DA:15,0
DA:19,0
DA:21,0
DA:22,0
DA:26,0
DA:28,0
DA:29,0
DA:33,0
DA:34,0
DA:35,0
DA:36,0
DA:40,0
DA:42,0
DA:43,0
DA:47,0
DA:49,0
DA:54,0
DA:61,0
DA:77,0
DA:82,0
DA:83,0
DA:87,0
DA:88,0
DA:91,0
DA:92,0
DA:95,0
DA:111,0
DA:112,0
DA:120,0
DA:121,0
DA:128,0
DA:129,0
DA:165,0
DA:168,0
DA:171,0
DA:172,0
DA:173,0
DA:182,0
DA:183,0
DA:204,0
DA:206,0
DA:208,0
DA:209,0
DA:210,0
DA:212,0
DA:214,0
DA:215,0
DA:219,0
DA:222,0
DA:223,0
DA:227,0
DA:234,0
DA:235,0
DA:237,0
DA:244,0
DA:245,0
DA:247,0
DA:248,0
DA:250,0
DA:251,0
DA:253,0
DA:260,0
DA:262,0
DA:263,0
DA:270,0
DA:271,0
DA:274,0
DA:275,0
DA:278,0
DA:288,0
DA:289,0
DA:290,0
DA:292,0
DA:293,0
DA:298,0
DA:313,0
DA:315,0
DA:318,0
LF:85
LH:0
BRDA:11,0,0,0
BRDA:20,1,0,0
BRDA:27,2,0,0
BRDA:34,3,0,0
BRDA:41,4,0,0
BRDA:48,5,0,0
BRDA:82,6,0,0
BRDA:82,6,1,0
BRDA:83,7,0,0
BRDA:83,7,1,0
BRDA:87,8,0,0
BRDA:87,8,1,0
BRDA:91,9,0,0
BRDA:91,9,1,0
BRDA:91,10,0,0
BRDA:91,10,1,0
BRDA:103,11,0,0
BRDA:111,12,0,0
BRDA:111,12,1,0
BRDA:120,13,0,0
BRDA:120,13,1,0
BRDA:128,14,0,0
BRDA:128,14,1,0
BRDA:132,15,0,0
BRDA:132,15,1,0
BRDA:133,16,0,0
BRDA:133,16,1,0
BRDA:147,17,0,0
BRDA:161,18,0,0
BRDA:162,19,0,0
BRDA:164,20,0,0
BRDA:171,21,0,0
BRDA:171,21,1,0
BRDA:182,22,0,0
BRDA:182,22,1,0
BRDA:192,23,0,0
BRDA:200,24,0,0
BRDA:201,25,0,0
BRDA:202,26,0,0
BRDA:212,27,0,0
BRDA:212,27,1,0
BRDA:214,28,0,0
BRDA:214,28,1,0
BRDA:227,29,0,0
BRDA:227,29,1,0
BRDA:234,30,0,0
BRDA:234,30,1,0
BRDA:234,31,0,0
BRDA:234,31,1,0
BRDA:244,32,0,0
BRDA:244,32,1,0
BRDA:247,33,0,0
BRDA:247,33,1,0
BRDA:250,34,0,0
BRDA:250,34,1,0
BRDA:260,35,0,0
BRDA:260,35,1,0
BRDA:262,36,0,0
BRDA:262,36,1,0
BRDA:270,37,0,0
BRDA:270,37,1,0
BRDA:274,38,0,0
BRDA:274,38,1,0
BRF:63
BRH:0
end_of_record
TN:
SF:lib/rateLimiter.ts
FN:61,(anonymous_1)
FN:70,(anonymous_2)
FN:95,(anonymous_3)
FN:106,(anonymous_4)
FN:114,(anonymous_5)
FN:171,(anonymous_6)
FN:200,(anonymous_7)
FN:251,createRateLimiter
FN:258,checkMultipleLimits
FN:261,(anonymous_10)
FN:262,(anonymous_11)
FN:262,(anonymous_12)
FN:265,(anonymous_13)
FN:273,resetAllLimiters
FNF:14
FNH:0
FNDA:0,(anonymous_1)
FNDA:0,(anonymous_2)
FNDA:0,(anonymous_3)
FNDA:0,(anonymous_4)
FNDA:0,(anonymous_5)
FNDA:0,(anonymous_6)
FNDA:0,(anonymous_7)
FNDA:0,createRateLimiter
FNDA:0,checkMultipleLimits
FNDA:0,(anonymous_10)
FNDA:0,(anonymous_11)
FNDA:0,(anonymous_12)
FNDA:0,(anonymous_13)
FNDA:0,resetAllLimiters
DA:14,0
DA:15,0
DA:31,0
DA:56,0
DA:62,0
DA:63,0
DA:64,0
DA:71,0
DA:72,0
DA:73,0
DA:82,0
DA:83,0
DA:96,0
DA:97,0
DA:99,0
DA:107,0
DA:120,0
DA:121,0
DA:124,0
DA:125,0
DA:126,0
DA:127,0
DA:131,0
DA:135,0
DA:136,0
DA:137,0
DA:138,0
DA:139,0
DA:143,0
DA:144,0
DA:145,0
DA:146,0
DA:148,0
DA:149,0
DA:150,0
DA:154,0
DA:158,0
DA:159,0
DA:160,0
DA:162,0
DA:163,0
DA:165,0
DA:174,0
DA:176,0
DA:177,0
DA:178,0
DA:181,0
DA:182,0
DA:193,0
DA:206,0
DA:207,0
DA:210,0
DA:211,0
DA:219,0
DA:231,0
DA:236,0
DA:241,0
DA:246,0
DA:251,0
DA:252,0
DA:258,0
DA:261,0
DA:262,0
DA:264,0
DA:265,0
DA:273,0
DA:274,0
DA:282,0
LF:68
LH:0
BRDA:63,0,0,0
BRDA:63,0,1,0
BRDA:63,0,2,0
BRDA:73,1,0,0
BRDA:73,1,1,0
BRDA:124,2,0,0
BRDA:124,2,1,0
BRDA:124,3,0,0
BRDA:124,3,1,0
BRDA:124,3,2,0
BRDA:135,4,0,0
BRDA:135,4,1,0
BRDA:143,5,0,0
BRDA:143,5,1,0
BRDA:145,6,0,0
BRDA:145,6,1,0
BRDA:210,7,0,0
BRDA:210,7,1,0
BRDA:223,8,0,0
BRDA:223,8,1,0
BRDA:223,9,0,0
BRDA:223,9,1,0
BRDA:262,10,0,0
BRDA:262,10,1,0
BRF:24
BRH:0
end_of_record
TN:
SF:lib/securePasswordChange.ts
FN:33,validatePasswordChange
FN:80,validatePasswordStrength
FN:132,changePassword
FN:215,invalidateOtherSessions
FN:242,sendPasswordChangeEmail
FN:279,logSecurityAction
FN:302,requireReauthentication
FNF:7
FNH:0
FNDA:0,validatePasswordChange
FNDA:0,validatePasswordStrength
FNDA:0,changePassword
FNDA:0,invalidateOtherSessions
FNDA:0,sendPasswordChangeEmail
FNDA:0,logSecurityAction
FNDA:0,requireReauthentication
DA:14,0
DA:15,0
DA:33,0
DA:37,0
DA:38,0
DA:44,0
DA:45,0
DA:52,0
DA:53,0
DA:60,0
DA:61,0
DA:68,0
DA:69,0
DA:70,0
DA:73,0
DA:82,0
DA:83,0
DA:91,0
DA:92,0
DA:93,0
DA:94,0
DA:95,0
DA:97,0
DA:101,0
DA:102,0
DA:111,0
DA:112,0
DA:119,0
DA:120,0
DA:126,0
DA:132,0
DA:135,0
DA:137,0
DA:138,0
DA:139,0
DA:146,0
DA:147,0
DA:148,0
DA:152,0
DA:163,0
DA:165,0
DA:170,0
DA:176,0
DA:177,0
DA:184,0
DA:187,0
DA:192,0
DA:196,0
DA:205,0
DA:215,0
DA:216,0
DA:217,0
DA:218,0
DA:224,0
DA:225,0
DA:228,0
DA:242,0
DA:246,0
DA:247,0
DA:258,0
DA:259,0
DA:265,0
DA:280,0
DA:281,0
DA:291,0
DA:292,0
DA:295,0
DA:302,0
DA:304,0
LF:69
LH:0
BRDA:37,0,0,0
BRDA:37,0,1,0
BRDA:44,1,0,0
BRDA:44,1,1,0
BRDA:52,2,0,0
BRDA:52,2,1,0
BRDA:60,3,0,0
BRDA:60,3,1,0
BRDA:69,4,0,0
BRDA:69,4,1,0
BRDA:82,5,0,0
BRDA:82,5,1,0
BRDA:91,6,0,0
BRDA:91,6,1,0
BRDA:101,7,0,0
BRDA:101,7,1,0
BRDA:111,8,0,0
BRDA:111,8,1,0
BRDA:119,9,0,0
BRDA:119,9,1,0
BRDA:119,10,0,0
BRDA:119,10,1,0
BRDA:138,11,0,0
BRDA:138,11,1,0
BRDA:147,12,0,0
BRDA:147,12,1,0
BRDA:147,13,0,0
BRDA:147,13,1,0
BRDA:163,14,0,0
BRDA:163,14,1,0
BRDA:176,15,0,0
BRDA:176,15,1,0
BRDA:179,16,0,0
BRDA:179,16,1,0
BRDA:189,17,0,0
BRDA:189,17,1,0
BRDA:192,18,0,0
BRDA:192,18,1,0
BRDA:218,19,0,0
BRDA:218,19,1,0
BRDA:218,20,0,0
BRDA:218,20,1,0
BRDA:224,21,0,0
BRDA:224,21,1,0
BRDA:230,22,0,0
BRDA:230,22,1,0
BRDA:258,23,0,0
BRDA:258,23,1,0
BRDA:267,24,0,0
BRDA:267,24,1,0
BRDA:291,25,0,0
BRDA:291,25,1,0
BRF:52
BRH:0
end_of_record
TN:
SF:lib/supabase.ts
FN:117,(anonymous_0)
FN:129,(anonymous_1)
FN:176,(anonymous_2)
FN:199,(anonymous_3)
FN:216,(anonymous_4)
FN:235,(anonymous_5)
FN:258,(anonymous_6)
FN:277,(anonymous_7)
FNF:8
FNH:0
FNDA:0,(anonymous_0)
FNDA:0,(anonymous_1)
FNDA:0,(anonymous_2)
FNDA:0,(anonymous_3)
FNDA:0,(anonymous_4)
FNDA:0,(anonymous_5)
FNDA:0,(anonymous_6)
FNDA:0,(anonymous_7)
DA:1,0
DA:3,0
DA:6,0
DA:7,0
DA:9,0
DA:10,0
DA:11,0
DA:15,0
DA:117,0
DA:118,0
DA:119,0
DA:120,0
DA:121,0
DA:123,0
DA:129,0
DA:134,0
DA:136,0
DA:141,0
DA:142,0
DA:145,0
DA:160,0
DA:163,0
DA:165,0
DA:166,0
DA:169,0
DA:176,0
DA:177,0
DA:178,0
DA:183,0
DA:186,0
DA:188,0
DA:189,0
DA:192,0
DA:199,0
DA:200,0
DA:201,0
DA:202,0
DA:203,0
DA:205,0
DA:206,0
DA:209,0
DA:216,0
DA:217,0
DA:218,0
DA:224,0
DA:225,0
DA:227,0
DA:228,0
DA:235,0
DA:239,0
DA:240,0
DA:247,0
DA:248,0
DA:250,0
DA:251,0
DA:258,0
DA:263,0
DA:277,0
DA:278,0
DA:282,0
LF:60
LH:0
BRDA:6,0,0,0
BRDA:6,0,1,0
BRDA:7,1,0,0
BRDA:7,1,1,0
BRDA:9,2,0,0
BRDA:9,2,1,0
BRDA:9,3,0,0
BRDA:9,3,1,0
BRDA:119,4,0,0
BRDA:119,4,1,0
BRDA:141,5,0,0
BRDA:141,5,1,0
BRDA:142,6,0,0
BRDA:142,6,1,0
BRDA:151,7,0,0
BRDA:151,7,1,0
BRDA:152,8,0,0
BRDA:152,8,1,0
BRDA:153,9,0,0
BRDA:153,9,1,0
BRDA:154,10,0,0
BRDA:154,10,1,0
BRDA:160,11,0,0
BRDA:160,11,1,0
BRDA:166,12,0,0
BRDA:166,12,1,0
BRDA:168,13,0,0
BRDA:168,13,1,0
BRDA:183,14,0,0
BRDA:183,14,1,0
BRDA:189,15,0,0
BRDA:189,15,1,0
BRDA:191,16,0,0
BRDA:191,16,1,0
BRDA:202,17,0,0
BRDA:202,17,1,0
BRDA:206,18,0,0
BRDA:206,18,1,0
BRDA:208,19,0,0
BRDA:208,19,1,0
BRDA:224,20,0,0
BRDA:224,20,1,0
BRDA:247,21,0,0
BRDA:247,21,1,0
BRDA:271,22,0,0
BRDA:271,22,1,0
BRF:46
BRH:0
end_of_record
TN:
SF:lib/validation.ts
FN:23,(anonymous_0)
FN:33,(anonymous_1)
FN:49,(anonymous_2)
FN:71,(anonymous_3)
FN:81,(anonymous_4)
FN:91,(anonymous_5)
FN:105,(anonymous_6)
FN:116,(anonymous_7)
FN:133,(anonymous_8)
FN:143,(anonymous_9)
FN:158,(anonymous_10)
FN:170,(anonymous_11)
FN:188,(anonymous_12)
FN:199,(anonymous_13)
FN:206,(anonymous_14)
FN:216,(anonymous_15)
FN:223,(anonymous_16)
FN:230,(anonymous_17)
FN:241,(anonymous_18)
FN:264,(anonymous_19)
FN:268,(anonymous_20)
FN:272,(anonymous_21)
FN:278,(anonymous_22)
FN:287,(anonymous_23)
FN:291,(anonymous_24)
FN:297,(anonymous_25)
FN:298,(anonymous_26)
FN:304,(anonymous_27)
FN:308,(anonymous_28)
FN:312,(anonymous_29)
FN:319,(anonymous_30)
FN:323,(anonymous_31)
FN:332,(anonymous_32)
FN:336,(anonymous_33)
FNF:34
FNH:0
FNDA:0,(anonymous_0)
FNDA:0,(anonymous_1)
FNDA:0,(anonymous_2)
FNDA:0,(anonymous_3)
FNDA:0,(anonymous_4)
FNDA:0,(anonymous_5)
FNDA:0,(anonymous_6)
FNDA:0,(anonymous_7)
FNDA:0,(anonymous_8)
FNDA:0,(anonymous_9)
FNDA:0,(anonymous_10)
FNDA:0,(anonymous_11)
FNDA:0,(anonymous_12)
FNDA:0,(anonymous_13)
FNDA:0,(anonymous_14)
FNDA:0,(anonymous_15)
FNDA:0,(anonymous_16)
FNDA:0,(anonymous_17)
FNDA:0,(anonymous_18)
FNDA:0,(anonymous_19)
FNDA:0,(anonymous_20)
FNDA:0,(anonymous_21)
FNDA:0,(anonymous_22)
FNDA:0,(anonymous_23)
FNDA:0,(anonymous_24)
FNDA:0,(anonymous_25)
FNDA:0,(anonymous_26)
FNDA:0,(anonymous_27)
FNDA:0,(anonymous_28)
FNDA:0,(anonymous_29)
FNDA:0,(anonymous_30)
FNDA:0,(anonymous_31)
FNDA:0,(anonymous_32)
FNDA:0,(anonymous_33)
DA:19,0
DA:24,0
DA:25,0
DA:27,0
DA:34,0
DA:35,0
DA:36,0
DA:38,0
DA:50,0
DA:51,0
DA:53,0
DA:54,0
DA:56,0
DA:57,0
DA:59,0
DA:60,0
DA:62,0
DA:63,0
DA:65,0
DA:72,0
DA:73,0
DA:75,0
DA:82,0
DA:83,0
DA:85,0
DA:92,0
DA:93,0
DA:94,0
DA:99,0
DA:106,0
DA:107,0
DA:108,0
DA:110,0
DA:117,0
DA:118,0
DA:119,0
DA:121,0
DA:122,0
DA:124,0
DA:125,0
DA:127,0
DA:134,0
DA:135,0
DA:137,0
DA:144,0
DA:145,0
DA:146,0
DA:147,0
DA:149,0
DA:150,0
DA:152,0
DA:159,0
DA:160,0
DA:161,0
DA:163,0
DA:171,0
DA:172,0
DA:173,0
DA:176,0
DA:184,0
DA:189,0
DA:200,0
DA:207,0
DA:217,0
DA:224,0
DA:231,0
DA:248,0
DA:262,0
DA:264,0
DA:268,0
DA:272,0
DA:278,0
DA:287,0
DA:291,0
DA:297,0
DA:298,0
DA:304,0
DA:308,0
DA:312,0
DA:319,0
DA:323,0
DA:332,0
DA:333,0
DA:336,0
DA:337,0
LF:85
LH:0
BRDA:23,0,0,0
BRDA:24,1,0,0
BRDA:24,1,1,0
BRDA:24,2,0,0
BRDA:24,2,1,0
BRDA:35,3,0,0
BRDA:35,3,1,0
BRDA:50,4,0,0
BRDA:50,4,1,0
BRDA:53,5,0,0
BRDA:53,5,1,0
BRDA:56,6,0,0
BRDA:56,6,1,0
BRDA:59,7,0,0
BRDA:59,7,1,0
BRDA:62,8,0,0
BRDA:62,8,1,0
BRDA:71,9,0,0
BRDA:72,10,0,0
BRDA:72,10,1,0
BRDA:81,11,0,0
BRDA:82,12,0,0
BRDA:82,12,1,0
BRDA:91,13,0,0
BRDA:93,14,0,0
BRDA:93,14,1,0
BRDA:107,15,0,0
BRDA:107,15,1,0
BRDA:118,16,0,0
BRDA:118,16,1,0
BRDA:121,17,0,0
BRDA:121,17,1,0
BRDA:121,18,0,0
BRDA:121,18,1,0
BRDA:124,19,0,0
BRDA:124,19,1,0
BRDA:124,20,0,0
BRDA:124,20,1,0
BRDA:134,21,0,0
BRDA:134,21,1,0
BRDA:134,22,0,0
BRDA:134,22,1,0
BRDA:134,22,2,0
BRDA:146,23,0,0
BRDA:146,23,1,0
BRDA:149,24,0,0
BRDA:149,24,1,0
BRDA:172,25,0,0
BRDA:172,25,1,0
BRDA:188,26,0,0
BRDA:230,27,0,0
BRDA:249,28,0,0
BRDA:249,28,1,0
BRDA:250,29,0,0
BRDA:250,29,1,0
BRDA:251,30,0,0
BRDA:251,30,1,0
BRDA:252,31,0,0
BRDA:252,31,1,0
BRDA:253,32,0,0
BRDA:253,32,1,0
BRDA:337,33,0,0
BRDA:337,33,1,0
BRF:63
BRH:0
end_of_record
